Added Component: Designator=C1(C0603_M)
Add component (AddParameter): Name = "BOM名称"; Value = "无极性贴片电容"; VariantName = "[No Variations]"
Add component (AddParameter): Name = "联系卖家，免费查找封装"; Value = "唯一出售店铺网址https://shop463601444.taobao.com"; VariantName = "[No Variations]"
Added Component: Designator=C2(C0603_M)
Add component (AddParameter): Name = "BOM名称"; Value = "无极性贴片电容"; VariantName = "[No Variations]"
Add component (AddParameter): Name = "联系卖家，免费查找封装"; Value = "唯一出售店铺网址https://shop463601444.taobao.com"; VariantName = "[No Variations]"
Added Component: Designator=C3(C0603_M)
Add component (AddParameter): Name = "BOM名称"; Value = "无极性贴片电容"; VariantName = "[No Variations]"
Add component (AddParameter): Name = "联系卖家，免费查找封装"; Value = "唯一出售店铺网址https://shop463601444.taobao.com"; VariantName = "[No Variations]"
Added Component: Designator=C4(C0603_M)
Add component (AddParameter): Name = "BOM名称"; Value = "无极性贴片电容"; VariantName = "[No Variations]"
Add component (AddParameter): Name = "联系卖家，免费查找封装"; Value = "唯一出售店铺网址https://shop463601444.taobao.com"; VariantName = "[No Variations]"
Added Component: Designator=C5(C0603_M)
Add component (AddParameter): Name = "BOM名称"; Value = "无极性贴片电容"; VariantName = "[No Variations]"
Add component (AddParameter): Name = "联系卖家，免费查找封装"; Value = "唯一出售店铺网址https://shop463601444.taobao.com"; VariantName = "[No Variations]"
Added Component: Designator=C6(C0603_M)
Add component (AddParameter): Name = "BOM名称"; Value = "无极性贴片电容"; VariantName = "[No Variations]"
Add component (AddParameter): Name = "联系卖家，免费查找封装"; Value = "唯一出售店铺网址https://shop463601444.taobao.com"; VariantName = "[No Variations]"
Added Component: Designator=C7(C0603_M)
Add component (AddParameter): Name = "BOM名称"; Value = "无极性贴片电容"; VariantName = "[No Variations]"
Add component (AddParameter): Name = "联系卖家，免费查找封装"; Value = "唯一出售店铺网址https://shop463601444.taobao.com"; VariantName = "[No Variations]"
Added Component: Designator=C8(C0603_M)
Add component (AddParameter): Name = "BOM名称"; Value = "无极性贴片电容"; VariantName = "[No Variations]"
Add component (AddParameter): Name = "联系卖家，免费查找封装"; Value = "唯一出售店铺网址https://shop463601444.taobao.com"; VariantName = "[No Variations]"
Added Component: Designator=C9(C0805_L)
Add component (AddParameter): Name = "BOM名称"; Value = "无极性贴片电容"; VariantName = "[No Variations]"
Add component (AddParameter): Name = "联系卖家，免费查找封装"; Value = "唯一出售店铺网址https://shop463601444.taobao.com"; VariantName = "[No Variations]"
Added Component: Designator=C10(C0603_M)
Add component (AddParameter): Name = "BOM名称"; Value = "无极性贴片电容"; VariantName = "[No Variations]"
Add component (AddParameter): Name = "联系卖家，免费查找封装"; Value = "唯一出售店铺网址https://shop463601444.taobao.com"; VariantName = "[No Variations]"
Added Component: Designator=C11(C0603_M)
Add component (AddParameter): Name = "BOM名称"; Value = "无极性贴片电容"; VariantName = "[No Variations]"
Add component (AddParameter): Name = "联系卖家，免费查找封装"; Value = "唯一出售店铺网址https://shop463601444.taobao.com"; VariantName = "[No Variations]"
Added Component: Designator=C12(C0603_M)
Add component (AddParameter): Name = "BOM名称"; Value = "无极性贴片电容"; VariantName = "[No Variations]"
Add component (AddParameter): Name = "联系卖家，免费查找封装"; Value = "唯一出售店铺网址https://shop463601444.taobao.com"; VariantName = "[No Variations]"
Added Component: Designator=C13(C0805_L)
Add component (AddParameter): Name = "BOM名称"; Value = "无极性贴片电容"; VariantName = "[No Variations]"
Add component (AddParameter): Name = "联系卖家，免费查找封装"; Value = "唯一出售店铺网址https://shop463601444.taobao.com"; VariantName = "[No Variations]"
Added Component: Designator=C14(C0603_M)
Add component (AddParameter): Name = "BOM名称"; Value = "无极性贴片电容"; VariantName = "[No Variations]"
Add component (AddParameter): Name = "联系卖家，免费查找封装"; Value = "唯一出售店铺网址https://shop463601444.taobao.com"; VariantName = "[No Variations]"
Added Component: Designator=C15(C0603_M)
Add component (AddParameter): Name = "BOM名称"; Value = "无极性贴片电容"; VariantName = "[No Variations]"
Add component (AddParameter): Name = "联系卖家，免费查找封装"; Value = "唯一出售店铺网址https://shop463601444.taobao.com"; VariantName = "[No Variations]"
Added Component: Designator=C16(C0603_M)
Add component (AddParameter): Name = "BOM名称"; Value = "无极性贴片电容"; VariantName = "[No Variations]"
Add component (AddParameter): Name = "联系卖家，免费查找封装"; Value = "唯一出售店铺网址https://shop463601444.taobao.com"; VariantName = "[No Variations]"
Added Component: Designator=C17(C0603_M)
Add component (AddParameter): Name = "BOM名称"; Value = "无极性贴片电容"; VariantName = "[No Variations]"
Add component (AddParameter): Name = "联系卖家，免费查找封装"; Value = "唯一出售店铺网址https://shop463601444.taobao.com"; VariantName = "[No Variations]"
Added Component: Designator=C18(C0603_M)
Add component (AddParameter): Name = "BOM名称"; Value = "无极性贴片电容"; VariantName = "[No Variations]"
Add component (AddParameter): Name = "联系卖家，免费查找封装"; Value = "唯一出售店铺网址https://shop463601444.taobao.com"; VariantName = "[No Variations]"
Added Component: Designator=C19(C0805_L)
Add component (AddParameter): Name = "BOM名称"; Value = "无极性贴片电容"; VariantName = "[No Variations]"
Add component (AddParameter): Name = "联系卖家，免费查找封装"; Value = "唯一出售店铺网址https://shop463601444.taobao.com"; VariantName = "[No Variations]"
Added Component: Designator=C20(C0603_M)
Add component (AddParameter): Name = "BOM名称"; Value = "无极性贴片电容"; VariantName = "[No Variations]"
Add component (AddParameter): Name = "联系卖家，免费查找封装"; Value = "唯一出售店铺网址https://shop463601444.taobao.com"; VariantName = "[No Variations]"
Added Component: Designator=C21(C0805_L)
Add component (AddParameter): Name = "BOM名称"; Value = "无极性贴片电容"; VariantName = "[No Variations]"
Add component (AddParameter): Name = "联系卖家，免费查找封装"; Value = "唯一出售店铺网址https://shop463601444.taobao.com"; VariantName = "[No Variations]"
Added Component: Designator=C22(C0603_M)
Add component (AddParameter): Name = "BOM名称"; Value = "无极性贴片电容"; VariantName = "[No Variations]"
Add component (AddParameter): Name = "联系卖家，免费查找封装"; Value = "唯一出售店铺网址https://shop463601444.taobao.com"; VariantName = "[No Variations]"
Added Component: Designator=C23(C0603_M)
Add component (AddParameter): Name = "BOM名称"; Value = "无极性贴片电容"; VariantName = "[No Variations]"
Add component (AddParameter): Name = "联系卖家，免费查找封装"; Value = "唯一出售店铺网址https://shop463601444.taobao.com"; VariantName = "[No Variations]"
Added Component: Designator=C24(C0603_M)
Add component (AddParameter): Name = "BOM名称"; Value = "无极性贴片电容"; VariantName = "[No Variations]"
Add component (AddParameter): Name = "联系卖家，免费查找封装"; Value = "唯一出售店铺网址https://shop463601444.taobao.com"; VariantName = "[No Variations]"
Added Component: Designator=C25(C0603_M)
Add component (AddParameter): Name = "BOM名称"; Value = "无极性贴片电容"; VariantName = "[No Variations]"
Add component (AddParameter): Name = "联系卖家，免费查找封装"; Value = "唯一出售店铺网址https://shop463601444.taobao.com"; VariantName = "[No Variations]"
Added Component: Designator=C26(C0603_M)
Add component (AddParameter): Name = "BOM名称"; Value = "无极性贴片电容"; VariantName = "[No Variations]"
Add component (AddParameter): Name = "联系卖家，免费查找封装"; Value = "唯一出售店铺网址https://shop463601444.taobao.com"; VariantName = "[No Variations]"
Added Component: Designator=C27(C0603_M)
Add component (AddParameter): Name = "BOM名称"; Value = "无极性贴片电容"; VariantName = "[No Variations]"
Add component (AddParameter): Name = "联系卖家，免费查找封装"; Value = "唯一出售店铺网址https://shop463601444.taobao.com"; VariantName = "[No Variations]"
Added Component: Designator=C28(C0603_M)
Add component (AddParameter): Name = "BOM名称"; Value = "无极性贴片电容"; VariantName = "[No Variations]"
Add component (AddParameter): Name = "联系卖家，免费查找封装"; Value = "唯一出售店铺网址https://shop463601444.taobao.com"; VariantName = "[No Variations]"
Added Component: Designator=C29(C0603_M)
Add component (AddParameter): Name = "BOM名称"; Value = "无极性贴片电容"; VariantName = "[No Variations]"
Add component (AddParameter): Name = "联系卖家，免费查找封装"; Value = "唯一出售店铺网址https://shop463601444.taobao.com"; VariantName = "[No Variations]"
Added Component: Designator=D1(SMA_L4.4-W2.8-LS5.4-RD)
Add component (AddParameter): Name = "BOM_JLCPCB Part Class"; Value = "Extended Part"; VariantName = "[No Variations]"
Add component (AddParameter): Name = "BOM_Manufacturer"; Value = "Jingdao"; VariantName = "[No Variations]"
Add component (AddParameter): Name = "BOM_Manufacturer Part"; Value = "SS54"; VariantName = "[No Variations]"
Add component (AddParameter): Name = "BOM_Supplier"; Value = "LCSC"; VariantName = "[No Variations]"
Add component (AddParameter): Name = "BOM_Supplier Part"; Value = "C123946"; VariantName = "[No Variations]"
Add component (AddParameter): Name = "Contributor"; Value = "LCSC"; VariantName = "[No Variations]"
Add component (AddParameter): Name = "JLCPCB Part Class"; Value = "Extended Part"; VariantName = "[No Variations]"
Add component (AddParameter): Name = "spicePre"; Value = "D"; VariantName = "[No Variations]"
Add component (AddParameter): Name = "spiceSymbolName"; Value = "SS54_C123946"; VariantName = "[No Variations]"
Added Component: Designator=D2(LED 5MM-W)
Add component (AddParameter): Name = "封装库来自淘宝卖家 ID：黄晶宝石"; Value = "其他店铺购入均为假冒，请立即申请退款，本店奖励现金5~20元"; VariantName = "[No Variations]"
Added Component: Designator=D3(LED 5MM-W)
Add component (AddParameter): Name = "封装库来自淘宝卖家 ID：黄晶宝石"; Value = "其他店铺购入均为假冒，请立即申请退款，本店奖励现金5~20元"; VariantName = "[No Variations]"
Added Component: Designator=D4(LED 5MM-W)
Add component (AddParameter): Name = "封装库来自淘宝卖家 ID：黄晶宝石"; Value = "其他店铺购入均为假冒，请立即申请退款，本店奖励现金5~20元"; VariantName = "[No Variations]"
Added Component: Designator=D5(LED 5MM-W)
Add component (AddParameter): Name = "封装库来自淘宝卖家 ID：黄晶宝石"; Value = "其他店铺购入均为假冒，请立即申请退款，本店奖励现金5~20元"; VariantName = "[No Variations]"
Added Component: Designator=D6(LED 5MM-W)
Add component (AddParameter): Name = "封装库来自淘宝卖家 ID：黄晶宝石"; Value = "其他店铺购入均为假冒，请立即申请退款，本店奖励现金5~20元"; VariantName = "[No Variations]"
Added Component: Designator=D7(LED 5MM-W)
Add component (AddParameter): Name = "封装库来自淘宝卖家 ID：黄晶宝石"; Value = "其他店铺购入均为假冒，请立即申请退款，本店奖励现金5~20元"; VariantName = "[No Variations]"
Added Component: Designator=E1(CE A(3*5.4))
Add component (AddParameter): Name = "BOM名称"; Value = "贴片电解电容"; VariantName = "[No Variations]"
Add component (AddParameter): Name = "封装库来自淘宝卖家ID：黄晶宝石"; Value = "其他店铺购入均为盗版假冒封装库，请立即申请退款"; VariantName = "[No Variations]"
Add component (AddParameter): Name = "联系卖家，免费查找封装"; Value = "唯一出售店铺网址https://shop463601444.taobao.com"; VariantName = "[No Variations]"
Added Component: Designator=E2(CE A(3*5.4))
Add component (AddParameter): Name = "BOM名称"; Value = "贴片电解电容"; VariantName = "[No Variations]"
Add component (AddParameter): Name = "封装库来自淘宝卖家ID：黄晶宝石"; Value = "其他店铺购入均为盗版假冒封装库，请立即申请退款"; VariantName = "[No Variations]"
Add component (AddParameter): Name = "联系卖家，免费查找封装"; Value = "唯一出售店铺网址https://shop463601444.taobao.com"; VariantName = "[No Variations]"
Added Component: Designator=L1(IND-SMD_L6.2-W5.9)
Add component (AddParameter): Name = "BOM_Manufacturer"; Value = "TDK"; VariantName = "[No Variations]"
Add component (AddParameter): Name = "BOM_Manufacturer Part"; Value = "CLF6045T-3R3N-D"; VariantName = "[No Variations]"
Add component (AddParameter): Name = "BOM_Supplier"; Value = "LCSC"; VariantName = "[No Variations]"
Add component (AddParameter): Name = "BOM_Supplier Part"; Value = "C432958"; VariantName = "[No Variations]"
Add component (AddParameter): Name = "Contributor"; Value = "LCSC"; VariantName = "[No Variations]"
Add component (AddParameter): Name = "nameAlias"; Value = "Inductance"; VariantName = "[No Variations]"
Add component (AddParameter): Name = "spicePre"; Value = "L"; VariantName = "[No Variations]"
Add component (AddParameter): Name = "spiceSymbolName"; Value = "CLF6045T-3R3N-D"; VariantName = "[No Variations]"
Added Component: Designator=LED1(LED0603-RD)
Add component (AddParameter): Name = "BOM_Manufacturer"; Value = "NATIONSTAR"; VariantName = "[No Variations]"
Add component (AddParameter): Name = "BOM_Manufacturer Part"; Value = "FC-1608UGK-520D"; VariantName = "[No Variations]"
Add component (AddParameter): Name = "BOM_Supplier"; Value = "LCSC"; VariantName = "[No Variations]"
Add component (AddParameter): Name = "BOM_Supplier Part"; Value = "C87326"; VariantName = "[No Variations]"
Add component (AddParameter): Name = "spicePre"; Value = "L"; VariantName = "[No Variations]"
Add component (AddParameter): Name = "spiceSymbolName"; Value = "FC-1608UGK-520D"; VariantName = "[No Variations]"
Added Component: Designator=LED2(LED0603-RD)
Add component (AddParameter): Name = "BOM_Manufacturer"; Value = "NATIONSTAR"; VariantName = "[No Variations]"
Add component (AddParameter): Name = "BOM_Manufacturer Part"; Value = "FC-1608UGK-520D"; VariantName = "[No Variations]"
Add component (AddParameter): Name = "BOM_Supplier"; Value = "LCSC"; VariantName = "[No Variations]"
Add component (AddParameter): Name = "BOM_Supplier Part"; Value = "C87326"; VariantName = "[No Variations]"
Add component (AddParameter): Name = "spicePre"; Value = "L"; VariantName = "[No Variations]"
Add component (AddParameter): Name = "spiceSymbolName"; Value = "FC-1608UGK-520D"; VariantName = "[No Variations]"
Added Component: Designator=P1(HDR1X6)
Add component (AddParameter): Name = "LatestRevisionDate"; Value = "17-Jul-2002"; VariantName = "[No Variations]"
Add component (AddParameter): Name = "LatestRevisionNote"; Value = "Re-released for DXP Platform."; VariantName = "[No Variations]"
Add component (AddParameter): Name = "Publisher"; Value = "Altium Limited"; VariantName = "[No Variations]"
Added Component: Designator=P2(HDR1X4)
Add component (AddParameter): Name = "LatestRevisionDate"; Value = "17-Jul-2002"; VariantName = "[No Variations]"
Add component (AddParameter): Name = "LatestRevisionNote"; Value = "Re-released for DXP Platform."; VariantName = "[No Variations]"
Add component (AddParameter): Name = "Publisher"; Value = "Altium Limited"; VariantName = "[No Variations]"
Added Component: Designator=P3(HDR1X4)
Add component (AddParameter): Name = "LatestRevisionDate"; Value = "17-Jul-2002"; VariantName = "[No Variations]"
Add component (AddParameter): Name = "LatestRevisionNote"; Value = "Re-released for DXP Platform."; VariantName = "[No Variations]"
Add component (AddParameter): Name = "Publisher"; Value = "Altium Limited"; VariantName = "[No Variations]"
Added Component: Designator=P4(HDR1X4)
Add component (AddParameter): Name = "LatestRevisionDate"; Value = "17-Jul-2002"; VariantName = "[No Variations]"
Add component (AddParameter): Name = "LatestRevisionNote"; Value = "Re-released for DXP Platform."; VariantName = "[No Variations]"
Add component (AddParameter): Name = "Publisher"; Value = "Altium Limited"; VariantName = "[No Variations]"
Added Component: Designator=P5(HDR1X2)
Add component (AddParameter): Name = "LatestRevisionDate"; Value = "17-Jul-2002"; VariantName = "[No Variations]"
Add component (AddParameter): Name = "LatestRevisionNote"; Value = "Re-released for DXP Platform."; VariantName = "[No Variations]"
Add component (AddParameter): Name = "Publisher"; Value = "Altium Limited"; VariantName = "[No Variations]"
Added Component: Designator=P6(HDR2X20)
Add component (AddParameter): Name = "LatestRevisionDate"; Value = "17-Jul-2002"; VariantName = "[No Variations]"
Add component (AddParameter): Name = "LatestRevisionNote"; Value = "Re-released for DXP Platform."; VariantName = "[No Variations]"
Add component (AddParameter): Name = "Publisher"; Value = "Altium Limited"; VariantName = "[No Variations]"
Added Component: Designator=P7(HDR2X20)
Add component (AddParameter): Name = "LatestRevisionDate"; Value = "17-Jul-2002"; VariantName = "[No Variations]"
Add component (AddParameter): Name = "LatestRevisionNote"; Value = "Re-released for DXP Platform."; VariantName = "[No Variations]"
Add component (AddParameter): Name = "Publisher"; Value = "Altium Limited"; VariantName = "[No Variations]"
Added Component: Designator=P8(HDR1X4)
Add component (AddParameter): Name = "LatestRevisionDate"; Value = "17-Jul-2002"; VariantName = "[No Variations]"
Add component (AddParameter): Name = "LatestRevisionNote"; Value = "Re-released for DXP Platform."; VariantName = "[No Variations]"
Add component (AddParameter): Name = "Publisher"; Value = "Altium Limited"; VariantName = "[No Variations]"
Added Component: Designator=P9(HDR1X4)
Add component (AddParameter): Name = "LatestRevisionDate"; Value = "17-Jul-2002"; VariantName = "[No Variations]"
Add component (AddParameter): Name = "LatestRevisionNote"; Value = "Re-released for DXP Platform."; VariantName = "[No Variations]"
Add component (AddParameter): Name = "Publisher"; Value = "Altium Limited"; VariantName = "[No Variations]"
Added Component: Designator=Q1(SOT-23-3_L2.9-W1.3-P1.90-LS2.4-BR)
Add component (AddParameter): Name = "BOM_JLCPCB Part Class"; Value = "Basic Part"; VariantName = "[No Variations]"
Add component (AddParameter): Name = "BOM_Manufacturer"; Value = "CJ"; VariantName = "[No Variations]"
Add component (AddParameter): Name = "BOM_Manufacturer Part"; Value = "2N7002"; VariantName = "[No Variations]"
Add component (AddParameter): Name = "BOM_Supplier"; Value = "LCSC"; VariantName = "[No Variations]"
Add component (AddParameter): Name = "BOM_Supplier Part"; Value = "C8545"; VariantName = "[No Variations]"
Add component (AddParameter): Name = "spicePre"; Value = "Q"; VariantName = "[No Variations]"
Add component (AddParameter): Name = "spiceSymbolName"; Value = "2N7002"; VariantName = "[No Variations]"
Added Component: Designator=Q2(SOT-23-3_L2.9-W1.3-P1.90-LS2.4-BR)
Add component (AddParameter): Name = "BOM_JLCPCB Part Class"; Value = "Basic Part"; VariantName = "[No Variations]"
Add component (AddParameter): Name = "BOM_Manufacturer"; Value = "CJ"; VariantName = "[No Variations]"
Add component (AddParameter): Name = "BOM_Manufacturer Part"; Value = "2N7002"; VariantName = "[No Variations]"
Add component (AddParameter): Name = "BOM_Supplier"; Value = "LCSC"; VariantName = "[No Variations]"
Add component (AddParameter): Name = "BOM_Supplier Part"; Value = "C8545"; VariantName = "[No Variations]"
Add component (AddParameter): Name = "spicePre"; Value = "Q"; VariantName = "[No Variations]"
Add component (AddParameter): Name = "spiceSymbolName"; Value = "2N7002"; VariantName = "[No Variations]"
Added Component: Designator=R1(R0603_M)
Add component (AddParameter): Name = "BOM名称"; Value = "贴片电阻"; VariantName = "[No Variations]"
Add component (AddParameter): Name = "封装库来自淘宝卖家ID：黄晶宝石"; Value = "其他店铺购入均为盗版假冒封装库，请立即申请退款"; VariantName = "[No Variations]"
Add component (AddParameter): Name = "联系卖家，免费查找封装"; Value = "唯一出售店铺网址https://shop463601444.taobao.com"; VariantName = "[No Variations]"
Added Component: Designator=R2(R0603_M)
Add component (AddParameter): Name = "BOM名称"; Value = "贴片电阻"; VariantName = "[No Variations]"
Add component (AddParameter): Name = "封装库来自淘宝卖家ID：黄晶宝石"; Value = "其他店铺购入均为盗版假冒封装库，请立即申请退款"; VariantName = "[No Variations]"
Add component (AddParameter): Name = "联系卖家，免费查找封装"; Value = "唯一出售店铺网址https://shop463601444.taobao.com"; VariantName = "[No Variations]"
Added Component: Designator=R3(R0603_M)
Add component (AddParameter): Name = "BOM名称"; Value = "贴片电阻"; VariantName = "[No Variations]"
Add component (AddParameter): Name = "封装库来自淘宝卖家ID：黄晶宝石"; Value = "其他店铺购入均为盗版假冒封装库，请立即申请退款"; VariantName = "[No Variations]"
Add component (AddParameter): Name = "联系卖家，免费查找封装"; Value = "唯一出售店铺网址https://shop463601444.taobao.com"; VariantName = "[No Variations]"
Added Component: Designator=R4(R0603_M)
Add component (AddParameter): Name = "BOM名称"; Value = "贴片电阻"; VariantName = "[No Variations]"
Add component (AddParameter): Name = "封装库来自淘宝卖家ID：黄晶宝石"; Value = "其他店铺购入均为盗版假冒封装库，请立即申请退款"; VariantName = "[No Variations]"
Add component (AddParameter): Name = "联系卖家，免费查找封装"; Value = "唯一出售店铺网址https://shop463601444.taobao.com"; VariantName = "[No Variations]"
Added Component: Designator=R5(R0603_M)
Add component (AddParameter): Name = "BOM名称"; Value = "贴片电阻"; VariantName = "[No Variations]"
Add component (AddParameter): Name = "封装库来自淘宝卖家ID：黄晶宝石"; Value = "其他店铺购入均为盗版假冒封装库，请立即申请退款"; VariantName = "[No Variations]"
Add component (AddParameter): Name = "联系卖家，免费查找封装"; Value = "唯一出售店铺网址https://shop463601444.taobao.com"; VariantName = "[No Variations]"
Added Component: Designator=R6(R0603_M)
Add component (AddParameter): Name = "BOM名称"; Value = "贴片电阻"; VariantName = "[No Variations]"
Add component (AddParameter): Name = "封装库来自淘宝卖家ID：黄晶宝石"; Value = "其他店铺购入均为盗版假冒封装库，请立即申请退款"; VariantName = "[No Variations]"
Add component (AddParameter): Name = "联系卖家，免费查找封装"; Value = "唯一出售店铺网址https://shop463601444.taobao.com"; VariantName = "[No Variations]"
Added Component: Designator=R7(R0603_M)
Add component (AddParameter): Name = "BOM名称"; Value = "贴片电阻"; VariantName = "[No Variations]"
Add component (AddParameter): Name = "封装库来自淘宝卖家ID：黄晶宝石"; Value = "其他店铺购入均为盗版假冒封装库，请立即申请退款"; VariantName = "[No Variations]"
Add component (AddParameter): Name = "联系卖家，免费查找封装"; Value = "唯一出售店铺网址https://shop463601444.taobao.com"; VariantName = "[No Variations]"
Added Component: Designator=R8(R0603_M)
Add component (AddParameter): Name = "BOM名称"; Value = "贴片电阻"; VariantName = "[No Variations]"
Add component (AddParameter): Name = "封装库来自淘宝卖家ID：黄晶宝石"; Value = "其他店铺购入均为盗版假冒封装库，请立即申请退款"; VariantName = "[No Variations]"
Add component (AddParameter): Name = "联系卖家，免费查找封装"; Value = "唯一出售店铺网址https://shop463601444.taobao.com"; VariantName = "[No Variations]"
Added Component: Designator=R9(R0603_M)
Add component (AddParameter): Name = "BOM名称"; Value = "贴片电阻"; VariantName = "[No Variations]"
Add component (AddParameter): Name = "封装库来自淘宝卖家ID：黄晶宝石"; Value = "其他店铺购入均为盗版假冒封装库，请立即申请退款"; VariantName = "[No Variations]"
Add component (AddParameter): Name = "联系卖家，免费查找封装"; Value = "唯一出售店铺网址https://shop463601444.taobao.com"; VariantName = "[No Variations]"
Added Component: Designator=R10(R0603_M)
Add component (AddParameter): Name = "BOM名称"; Value = "贴片电阻"; VariantName = "[No Variations]"
Add component (AddParameter): Name = "封装库来自淘宝卖家ID：黄晶宝石"; Value = "其他店铺购入均为盗版假冒封装库，请立即申请退款"; VariantName = "[No Variations]"
Add component (AddParameter): Name = "联系卖家，免费查找封装"; Value = "唯一出售店铺网址https://shop463601444.taobao.com"; VariantName = "[No Variations]"
Added Component: Designator=R11(R0603_M)
Add component (AddParameter): Name = "BOM名称"; Value = "贴片电阻"; VariantName = "[No Variations]"
Add component (AddParameter): Name = "封装库来自淘宝卖家ID：黄晶宝石"; Value = "其他店铺购入均为盗版假冒封装库，请立即申请退款"; VariantName = "[No Variations]"
Add component (AddParameter): Name = "联系卖家，免费查找封装"; Value = "唯一出售店铺网址https://shop463601444.taobao.com"; VariantName = "[No Variations]"
Added Component: Designator=R12(R0603_M)
Add component (AddParameter): Name = "BOM名称"; Value = "贴片电阻"; VariantName = "[No Variations]"
Add component (AddParameter): Name = "封装库来自淘宝卖家ID：黄晶宝石"; Value = "其他店铺购入均为盗版假冒封装库，请立即申请退款"; VariantName = "[No Variations]"
Add component (AddParameter): Name = "联系卖家，免费查找封装"; Value = "唯一出售店铺网址https://shop463601444.taobao.com"; VariantName = "[No Variations]"
Added Component: Designator=R13(R0603_M)
Add component (AddParameter): Name = "BOM名称"; Value = "贴片电阻"; VariantName = "[No Variations]"
Add component (AddParameter): Name = "封装库来自淘宝卖家ID：黄晶宝石"; Value = "其他店铺购入均为盗版假冒封装库，请立即申请退款"; VariantName = "[No Variations]"
Add component (AddParameter): Name = "联系卖家，免费查找封装"; Value = "唯一出售店铺网址https://shop463601444.taobao.com"; VariantName = "[No Variations]"
Added Component: Designator=R14(R0603_M)
Add component (AddParameter): Name = "BOM名称"; Value = "贴片电阻"; VariantName = "[No Variations]"
Add component (AddParameter): Name = "封装库来自淘宝卖家ID：黄晶宝石"; Value = "其他店铺购入均为盗版假冒封装库，请立即申请退款"; VariantName = "[No Variations]"
Add component (AddParameter): Name = "联系卖家，免费查找封装"; Value = "唯一出售店铺网址https://shop463601444.taobao.com"; VariantName = "[No Variations]"
Added Component: Designator=R15(R0603_M)
Add component (AddParameter): Name = "BOM名称"; Value = "贴片电阻"; VariantName = "[No Variations]"
Add component (AddParameter): Name = "封装库来自淘宝卖家ID：黄晶宝石"; Value = "其他店铺购入均为盗版假冒封装库，请立即申请退款"; VariantName = "[No Variations]"
Add component (AddParameter): Name = "联系卖家，免费查找封装"; Value = "唯一出售店铺网址https://shop463601444.taobao.com"; VariantName = "[No Variations]"
Added Component: Designator=R16(R0603_M)
Add component (AddParameter): Name = "BOM名称"; Value = "贴片电阻"; VariantName = "[No Variations]"
Add component (AddParameter): Name = "封装库来自淘宝卖家ID：黄晶宝石"; Value = "其他店铺购入均为盗版假冒封装库，请立即申请退款"; VariantName = "[No Variations]"
Add component (AddParameter): Name = "联系卖家，免费查找封装"; Value = "唯一出售店铺网址https://shop463601444.taobao.com"; VariantName = "[No Variations]"
Added Component: Designator=R17(R0603_M)
Add component (AddParameter): Name = "BOM名称"; Value = "贴片电阻"; VariantName = "[No Variations]"
Add component (AddParameter): Name = "封装库来自淘宝卖家ID：黄晶宝石"; Value = "其他店铺购入均为盗版假冒封装库，请立即申请退款"; VariantName = "[No Variations]"
Add component (AddParameter): Name = "联系卖家，免费查找封装"; Value = "唯一出售店铺网址https://shop463601444.taobao.com"; VariantName = "[No Variations]"
Added Component: Designator=R18(R0603_M)
Add component (AddParameter): Name = "BOM名称"; Value = "贴片电阻"; VariantName = "[No Variations]"
Add component (AddParameter): Name = "封装库来自淘宝卖家ID：黄晶宝石"; Value = "其他店铺购入均为盗版假冒封装库，请立即申请退款"; VariantName = "[No Variations]"
Add component (AddParameter): Name = "联系卖家，免费查找封装"; Value = "唯一出售店铺网址https://shop463601444.taobao.com"; VariantName = "[No Variations]"
Added Component: Designator=R19(R0603_M)
Add component (AddParameter): Name = "BOM名称"; Value = "贴片电阻"; VariantName = "[No Variations]"
Add component (AddParameter): Name = "封装库来自淘宝卖家ID：黄晶宝石"; Value = "其他店铺购入均为盗版假冒封装库，请立即申请退款"; VariantName = "[No Variations]"
Add component (AddParameter): Name = "联系卖家，免费查找封装"; Value = "唯一出售店铺网址https://shop463601444.taobao.com"; VariantName = "[No Variations]"
Added Component: Designator=R20(R0603_M)
Add component (AddParameter): Name = "BOM名称"; Value = "贴片电阻"; VariantName = "[No Variations]"
Add component (AddParameter): Name = "封装库来自淘宝卖家ID：黄晶宝石"; Value = "其他店铺购入均为盗版假冒封装库，请立即申请退款"; VariantName = "[No Variations]"
Add component (AddParameter): Name = "联系卖家，免费查找封装"; Value = "唯一出售店铺网址https://shop463601444.taobao.com"; VariantName = "[No Variations]"
Added Component: Designator=R21(R0603_M)
Add component (AddParameter): Name = "BOM名称"; Value = "贴片电阻"; VariantName = "[No Variations]"
Add component (AddParameter): Name = "封装库来自淘宝卖家ID：黄晶宝石"; Value = "其他店铺购入均为盗版假冒封装库，请立即申请退款"; VariantName = "[No Variations]"
Add component (AddParameter): Name = "联系卖家，免费查找封装"; Value = "唯一出售店铺网址https://shop463601444.taobao.com"; VariantName = "[No Variations]"
Added Component: Designator=R22(R0603_M)
Add component (AddParameter): Name = "BOM名称"; Value = "贴片电阻"; VariantName = "[No Variations]"
Add component (AddParameter): Name = "封装库来自淘宝卖家ID：黄晶宝石"; Value = "其他店铺购入均为盗版假冒封装库，请立即申请退款"; VariantName = "[No Variations]"
Add component (AddParameter): Name = "联系卖家，免费查找封装"; Value = "唯一出售店铺网址https://shop463601444.taobao.com"; VariantName = "[No Variations]"
Added Component: Designator=R23(R0603_M)
Add component (AddParameter): Name = "BOM名称"; Value = "贴片电阻"; VariantName = "[No Variations]"
Add component (AddParameter): Name = "封装库来自淘宝卖家ID：黄晶宝石"; Value = "其他店铺购入均为盗版假冒封装库，请立即申请退款"; VariantName = "[No Variations]"
Add component (AddParameter): Name = "联系卖家，免费查找封装"; Value = "唯一出售店铺网址https://shop463601444.taobao.com"; VariantName = "[No Variations]"
Added Component: Designator=R24(R0603_M)
Add component (AddParameter): Name = "BOM名称"; Value = "贴片电阻"; VariantName = "[No Variations]"
Add component (AddParameter): Name = "封装库来自淘宝卖家ID：黄晶宝石"; Value = "其他店铺购入均为盗版假冒封装库，请立即申请退款"; VariantName = "[No Variations]"
Add component (AddParameter): Name = "联系卖家，免费查找封装"; Value = "唯一出售店铺网址https://shop463601444.taobao.com"; VariantName = "[No Variations]"
Added Component: Designator=SW1(SW DIP-6*6*6)
Add component (AddParameter): Name = "BOM名称"; Value = "直插6x6轻触开关"; VariantName = "[No Variations]"
Add component (AddParameter): Name = "联系卖家，免费查找封装"; Value = "唯一出售店铺网址https://shop463601444.taobao.com"; VariantName = "[No Variations]"
Added Component: Designator=SW2(SW DIP-6*6*6)
Add component (AddParameter): Name = "BOM名称"; Value = "直插6x6轻触开关"; VariantName = "[No Variations]"
Add component (AddParameter): Name = "联系卖家，免费查找封装"; Value = "唯一出售店铺网址https://shop463601444.taobao.com"; VariantName = "[No Variations]"
Added Component: Designator=SW3(SW DIP-6*6*6)
Add component (AddParameter): Name = "BOM名称"; Value = "直插6x6轻触开关"; VariantName = "[No Variations]"
Add component (AddParameter): Name = "联系卖家，免费查找封装"; Value = "唯一出售店铺网址https://shop463601444.taobao.com"; VariantName = "[No Variations]"
Added Component: Designator=SW4(SW DIP-6*6*6)
Add component (AddParameter): Name = "BOM名称"; Value = "直插6x6轻触开关"; VariantName = "[No Variations]"
Add component (AddParameter): Name = "联系卖家，免费查找封装"; Value = "唯一出售店铺网址https://shop463601444.taobao.com"; VariantName = "[No Variations]"
Added Component: Designator=SW5(SW DIP-6*6*6)
Add component (AddParameter): Name = "BOM名称"; Value = "直插6x6轻触开关"; VariantName = "[No Variations]"
Add component (AddParameter): Name = "联系卖家，免费查找封装"; Value = "唯一出售店铺网址https://shop463601444.taobao.com"; VariantName = "[No Variations]"
Added Component: Designator=SW6(SW DIP-6*6*6)
Add component (AddParameter): Name = "BOM名称"; Value = "直插6x6轻触开关"; VariantName = "[No Variations]"
Add component (AddParameter): Name = "联系卖家，免费查找封装"; Value = "唯一出售店铺网址https://shop463601444.taobao.com"; VariantName = "[No Variations]"
Added Component: Designator=SW7(SW DIP-6*6*6)
Add component (AddParameter): Name = "BOM名称"; Value = "直插6x6轻触开关"; VariantName = "[No Variations]"
Add component (AddParameter): Name = "联系卖家，免费查找封装"; Value = "唯一出售店铺网址https://shop463601444.taobao.com"; VariantName = "[No Variations]"
Added Component: Designator=SW8(SW DIP-6*6*6)
Add component (AddParameter): Name = "BOM名称"; Value = "直插6x6轻触开关"; VariantName = "[No Variations]"
Add component (AddParameter): Name = "联系卖家，免费查找封装"; Value = "唯一出售店铺网址https://shop463601444.taobao.com"; VariantName = "[No Variations]"
Added Component: Designator=SW9(SW DIP-6*6*6)
Add component (AddParameter): Name = "BOM名称"; Value = "直插6x6轻触开关"; VariantName = "[No Variations]"
Add component (AddParameter): Name = "联系卖家，免费查找封装"; Value = "唯一出售店铺网址https://shop463601444.taobao.com"; VariantName = "[No Variations]"
Added Component: Designator=SW10(SW DIP-6*6*6)
Add component (AddParameter): Name = "BOM名称"; Value = "直插6x6轻触开关"; VariantName = "[No Variations]"
Add component (AddParameter): Name = "联系卖家，免费查找封装"; Value = "唯一出售店铺网址https://shop463601444.taobao.com"; VariantName = "[No Variations]"
Added Component: Designator=SW11(SW DIP-6*6*6)
Add component (AddParameter): Name = "BOM名称"; Value = "直插6x6轻触开关"; VariantName = "[No Variations]"
Add component (AddParameter): Name = "联系卖家，免费查找封装"; Value = "唯一出售店铺网址https://shop463601444.taobao.com"; VariantName = "[No Variations]"
Added Component: Designator=SW12(SW DIP-6*6*6)
Add component (AddParameter): Name = "BOM名称"; Value = "直插6x6轻触开关"; VariantName = "[No Variations]"
Add component (AddParameter): Name = "联系卖家，免费查找封装"; Value = "唯一出售店铺网址https://shop463601444.taobao.com"; VariantName = "[No Variations]"
Added Component: Designator=SW13(SW DIP-6*6*6)
Add component (AddParameter): Name = "BOM名称"; Value = "直插6x6轻触开关"; VariantName = "[No Variations]"
Add component (AddParameter): Name = "联系卖家，免费查找封装"; Value = "唯一出售店铺网址https://shop463601444.taobao.com"; VariantName = "[No Variations]"
Added Component: Designator=SW14(SW DIP-6*6*6)
Add component (AddParameter): Name = "BOM名称"; Value = "直插6x6轻触开关"; VariantName = "[No Variations]"
Add component (AddParameter): Name = "联系卖家，免费查找封装"; Value = "唯一出售店铺网址https://shop463601444.taobao.com"; VariantName = "[No Variations]"
Added Component: Designator=SW15(SW DIP-6*6*6)
Add component (AddParameter): Name = "BOM名称"; Value = "直插6x6轻触开关"; VariantName = "[No Variations]"
Add component (AddParameter): Name = "联系卖家，免费查找封装"; Value = "唯一出售店铺网址https://shop463601444.taobao.com"; VariantName = "[No Variations]"
Added Component: Designator=SW16(SW DIP-6*6*6)
Add component (AddParameter): Name = "BOM名称"; Value = "直插6x6轻触开关"; VariantName = "[No Variations]"
Add component (AddParameter): Name = "联系卖家，免费查找封装"; Value = "唯一出售店铺网址https://shop463601444.taobao.com"; VariantName = "[No Variations]"
Added Component: Designator=U1(DIP-8_L10.0-W6.5-P2.54-LS7.6-BL)
Add component (AddParameter): Name = "BOM_Manufacturer"; Value = "HTC Korea TAEJIN Tech"; VariantName = "[No Variations]"
Add component (AddParameter): Name = "BOM_Manufacturer Part"; Value = "MAX485EN"; VariantName = "[No Variations]"
Add component (AddParameter): Name = "BOM_Supplier"; Value = "LCSC"; VariantName = "[No Variations]"
Add component (AddParameter): Name = "BOM_Supplier Part"; Value = "C481665"; VariantName = "[No Variations]"
Add component (AddParameter): Name = "Contributor"; Value = "LCSC"; VariantName = "[No Variations]"
Add component (AddParameter): Name = "spicePre"; Value = "U"; VariantName = "[No Variations]"
Add component (AddParameter): Name = "spiceSymbolName"; Value = "MAX485EN"; VariantName = "[No Variations]"
Added Component: Designator=U2(SOIC-8_L4.9-W3.9-P1.27-LS6.0-BL-EP)
Add component (AddParameter): Name = "BOM_JLCPCB Part Class"; Value = "Extended Part"; VariantName = "[No Variations]"
Add component (AddParameter): Name = "BOM_Manufacturer"; Value = "ALLEGRO"; VariantName = "[No Variations]"
Add component (AddParameter): Name = "BOM_Manufacturer Part"; Value = "A4950ELJTR-T"; VariantName = "[No Variations]"
Add component (AddParameter): Name = "BOM_Supplier"; Value = "LCSC"; VariantName = "[No Variations]"
Add component (AddParameter): Name = "BOM_Supplier Part"; Value = "C82404"; VariantName = "[No Variations]"
Add component (AddParameter): Name = "spicePre"; Value = "U"; VariantName = "[No Variations]"
Add component (AddParameter): Name = "spiceSymbolName"; Value = "A4950ELJTR-T"; VariantName = "[No Variations]"
Added Component: Designator=U3(SOIC-16_L9.9-W3.9-P1.27-LS6.0-BL)
Add component (AddParameter): Name = "BOM_Manufacturer"; Value = "MaxLinear"; VariantName = "[No Variations]"
Add component (AddParameter): Name = "BOM_Manufacturer Part"; Value = "SP3232EEN-L"; VariantName = "[No Variations]"
Add component (AddParameter): Name = "BOM_Supplier"; Value = "LCSC"; VariantName = "[No Variations]"
Add component (AddParameter): Name = "BOM_Supplier Part"; Value = "C442458"; VariantName = "[No Variations]"
Add component (AddParameter): Name = "Contributor"; Value = "LCSC"; VariantName = "[No Variations]"
Add component (AddParameter): Name = "spicePre"; Value = "U"; VariantName = "[No Variations]"
Add component (AddParameter): Name = "spiceSymbolName"; Value = "SP3232EEN-L"; VariantName = "[No Variations]"
Added Component: Designator=U4(QFN-24_L4.0-W4.0-P0.50-BL-EP2.6)
Add component (AddParameter): Name = "BOM_JLCPCB Part Class"; Value = "Basic Part"; VariantName = "[No Variations]"
Add component (AddParameter): Name = "BOM_Manufacturer"; Value = "InvenSense"; VariantName = "[No Variations]"
Add component (AddParameter): Name = "BOM_Manufacturer Part"; Value = "MPU-6050"; VariantName = "[No Variations]"
Add component (AddParameter): Name = "BOM_Supplier"; Value = "LCSC"; VariantName = "[No Variations]"
Add component (AddParameter): Name = "BOM_Supplier Part"; Value = "C24112"; VariantName = "[No Variations]"
Add component (AddParameter): Name = "sourceId"; Value = "1T5FDZYC8"; VariantName = "[No Variations]"
Add component (AddParameter): Name = "spicePre"; Value = "U"; VariantName = "[No Variations]"
Add component (AddParameter): Name = "spiceSymbolName"; Value = "MPU-6050_C24112"; VariantName = "[No Variations]"
Add component (AddParameter): Name = "timeStamp"; Value = "1462265206"; VariantName = "[No Variations]"
Added Component: Designator=U5(SOIC-8_L5.0-W4.0-P1.27-LS6.0-BL-EP)
Add component (AddParameter): Name = "BOM_JLCPCB Part Class"; Value = "Extended Part"; VariantName = "[No Variations]"
Add component (AddParameter): Name = "BOM_Manufacturer"; Value = "TI"; VariantName = "[No Variations]"
Add component (AddParameter): Name = "BOM_Manufacturer Part"; Value = "TPS54531DDAR"; VariantName = "[No Variations]"
Add component (AddParameter): Name = "BOM_Supplier"; Value = "LCSC"; VariantName = "[No Variations]"
Add component (AddParameter): Name = "BOM_Supplier Part"; Value = "C50605"; VariantName = "[No Variations]"
Add component (AddParameter): Name = "JLCPCB Part Class"; Value = "Extended Part"; VariantName = "[No Variations]"
Add component (AddParameter): Name = "spicePre"; Value = "U"; VariantName = "[No Variations]"
Add component (AddParameter): Name = "spiceSymbolName"; Value = "TPS54531DDAR"; VariantName = "[No Variations]"
Added Component: Designator=U6(LGA-14_L5.0-W3.0-P0.80-BL)
Add component (AddParameter): Name = "BOM_JLCPCB Part Class"; Value = "Extended Part"; VariantName = "[No Variations]"
Add component (AddParameter): Name = "BOM_Manufacturer"; Value = "ADI"; VariantName = "[No Variations]"
Add component (AddParameter): Name = "BOM_Manufacturer Part"; Value = "ADXL345BCCZ-RL7"; VariantName = "[No Variations]"
Add component (AddParameter): Name = "BOM_Supplier"; Value = "LCSC"; VariantName = "[No Variations]"
Add component (AddParameter): Name = "BOM_Supplier Part"; Value = "C9667"; VariantName = "[No Variations]"
Add component (AddParameter): Name = "spicePre"; Value = "U"; VariantName = "[No Variations]"
Add component (AddParameter): Name = "spiceSymbolName"; Value = "ADXL345BCCZ-RL7"; VariantName = "[No Variations]"
Added Component: Designator=U7(LT-S5-5-TSOT-23_N)
Add component (AddParameter): Name = "Battery Chemistry"; Value = "Li-Ion, Li-Polymer"; VariantName = "[No Variations]"
Add component (AddParameter): Name = "Charge Termination"; Value = "Microcontroller"; VariantName = "[No Variations]"
Add component (AddParameter): Name = "Code_JEDEC"; Value = "MO-193"; VariantName = "[No Variations]"
Add component (AddParameter): Name = "ComponentLink1Description"; Value = "Manufacturer URL"; VariantName = "[No Variations]"
Add component (AddParameter): Name = "ComponentLink1URL"; Value = "http://www.linear.com/"; VariantName = "[No Variations]"
Add component (AddParameter): Name = "ComponentLink2Description"; Value = "Datasheet"; VariantName = "[No Variations]"
Add component (AddParameter): Name = "ComponentLink2URL"; Value = "http://cds.linear.com/docs/en/datasheet/4057f.pdf"; VariantName = "[No Variations]"
Add component (AddParameter): Name = "ComponentLink3Description"; Value = "Package Specification"; VariantName = "[No Variations]"
Add component (AddParameter): Name = "ComponentLink3URL"; Value = "http://cds.linear.com/docs/en/packaging/SOT_5_05-08-1635.pdf"; VariantName = "[No Variations]"
Add component (AddParameter): Name = "Float Voltage"; Value = "4.2 V"; VariantName = "[No Variations]"
Add component (AddParameter): Name = "Manufacturer"; Value = "Linear Technology"; VariantName = "[No Variations]"
Add component (AddParameter): Name = "Max Charge Current(A)"; Value = "0.8"; VariantName = "[No Variations]"
Add component (AddParameter): Name = "Mounting Technology"; Value = "Surface Mount"; VariantName = "[No Variations]"
Add component (AddParameter): Name = "Number of Cells"; Value = "1"; VariantName = "[No Variations]"
Add component (AddParameter): Name = "PackageDescription"; Value = "5-Pin Plastic TSOT-23, Body 1.63 x 2.90 mm, Pitch 0.95 mm"; VariantName = "[No Variations]"
Add component (AddParameter): Name = "PackageReference"; Value = "S5-5"; VariantName = "[No Variations]"
Add component (AddParameter): Name = "PackageVersion"; Value = "Jun-10"; VariantName = "[No Variations]"
Add component (AddParameter): Name = "Packing"; Value = "Mini Tape and Reel"; VariantName = "[No Variations]"
Add component (AddParameter): Name = "PartNumber"; Value = "LTC4057ES5-4.2#TRM"; VariantName = "[No Variations]"
Add component (AddParameter): Name = "RoHS"; Value = "FALSE"; VariantName = "[No Variations]"
Add component (AddParameter): Name = "Supplier 1"; Value = "Digi-Key"; VariantName = "[No Variations]"
Add component (AddParameter): Name = "Supplier Part Number 1"; Value = "LTC4057ES5-4.2#TRM-ND"; VariantName = "[No Variations]"
Add component (AddParameter): Name = "Type of Charger"; Value = "Linear"; VariantName = "[No Variations]"
Add component (AddParameter): Name = "Vin Max(V)"; Value = "6.5"; VariantName = "[No Variations]"
Add component (AddParameter): Name = "Vin Min(V)"; Value = "4.25"; VariantName = "[No Variations]"
Added Component: Designator=U8(SENSOR-SMD_QMC5883L-TR)
Add component (AddParameter): Name = "BOM_JLCPCB Part Class"; Value = "Extended Part"; VariantName = "[No Variations]"
Add component (AddParameter): Name = "BOM_Manufacturer"; Value = "QST"; VariantName = "[No Variations]"
Add component (AddParameter): Name = "BOM_Manufacturer Part"; Value = "QMC5883L-TR"; VariantName = "[No Variations]"
Add component (AddParameter): Name = "BOM_Supplier"; Value = "LCSC"; VariantName = "[No Variations]"
Add component (AddParameter): Name = "BOM_Supplier Part"; Value = "C192585"; VariantName = "[No Variations]"
Add component (AddParameter): Name = "Contributor"; Value = "LCSC"; VariantName = "[No Variations]"
Add component (AddParameter): Name = "spicePre"; Value = "U"; VariantName = "[No Variations]"
Add component (AddParameter): Name = "spiceSymbolName"; Value = "QMC5883L-TR"; VariantName = "[No Variations]"
Added Pin To Net: NetName=5V Pin=C1-1
Added Pin To Net: NetName=GND Pin=C1-2
Added Pin To Net: NetName=GND Pin=C2-1
Added Pin To Net: NetName=12V Pin=C2-2
Added Pin To Net: NetName=3V3 Pin=C3-1
Added Pin To Net: NetName=GND Pin=C3-2
Added Pin To Net: NetName=NetC4_1 Pin=C4-1
Added Pin To Net: NetName=NetC4_2 Pin=C4-2
Added Pin To Net: NetName=NetC5_1 Pin=C5-1
Added Pin To Net: NetName=NetC5_2 Pin=C5-2
Added Pin To Net: NetName=NetC6_1 Pin=C6-1
Added Pin To Net: NetName=GND Pin=C6-2
Added Pin To Net: NetName=GND Pin=C7-1
Added Pin To Net: NetName=NetC7_2 Pin=C7-2
Added Pin To Net: NetName=NetC8_1 Pin=C8-1
Added Pin To Net: NetName=NetC8_2 Pin=C8-2
Added Pin To Net: NetName=NetC9_1 Pin=C9-1
Added Pin To Net: NetName=GND Pin=C9-2
Added Pin To Net: NetName=GND Pin=C10-1
Added Pin To Net: NetName=4V2 Pin=C10-2
Added Pin To Net: NetName=GND Pin=C11-1
Added Pin To Net: NetName=4V2 Pin=C11-2
Added Pin To Net: NetName=GND Pin=C12-1
Added Pin To Net: NetName=4V2 Pin=C12-2
Added Pin To Net: NetName=GND Pin=C13-1
Added Pin To Net: NetName=3V3 Pin=C13-2
Added Pin To Net: NetName=GND Pin=C14-1
Added Pin To Net: NetName=3V3 Pin=C14-2
Added Pin To Net: NetName=GND Pin=C15-1
Added Pin To Net: NetName=3V3 Pin=C15-2
Added Pin To Net: NetName=GND Pin=C16-1
Added Pin To Net: NetName=3V3 Pin=C16-2
Added Pin To Net: NetName=GND Pin=C17-1
Added Pin To Net: NetName=NetC17_2 Pin=C17-2
Added Pin To Net: NetName=NetC18_1 Pin=C18-1
Added Pin To Net: NetName=GND Pin=C18-2
Added Pin To Net: NetName=GND Pin=C19-1
Added Pin To Net: NetName=NetC19_2 Pin=C19-2
Added Pin To Net: NetName=GND Pin=C20-1
Added Pin To Net: NetName=NetC20_2 Pin=C20-2
Added Pin To Net: NetName=GND Pin=C21-1
Added Pin To Net: NetName=3V3 Pin=C21-2
Added Pin To Net: NetName=3V3 Pin=C22-1
Added Pin To Net: NetName=GND Pin=C22-2
Added Pin To Net: NetName=GND Pin=C23-1
Added Pin To Net: NetName=5V Pin=C23-2
Added Pin To Net: NetName=GND Pin=C24-1
Added Pin To Net: NetName=5V Pin=C24-2
Added Pin To Net: NetName=GND Pin=C25-1
Added Pin To Net: NetName=4V2 Pin=C25-2
Added Pin To Net: NetName=GND Pin=C26-1
Added Pin To Net: NetName=4V2 Pin=C26-2
Added Pin To Net: NetName=GND Pin=C27-1
Added Pin To Net: NetName=PC3/ADC123 Pin=C27-2
Added Pin To Net: NetName=NetC28_1 Pin=C28-1
Added Pin To Net: NetName=SETP Pin=C28-2
Added Pin To Net: NetName=GND Pin=C29-1
Added Pin To Net: NetName=NetC29_2 Pin=C29-2
Added Pin To Net: NetName=NetC8_2 Pin=D1-1
Added Pin To Net: NetName=GND Pin=D1-2
Added Pin To Net: NetName=NetD2_1 Pin=D2-1
Added Pin To Net: NetName=NetD3_1 Pin=D3-1
Added Pin To Net: NetName=NetD4_1 Pin=D4-1
Added Pin To Net: NetName=NetD5_1 Pin=D5-1
Added Pin To Net: NetName=NetD6_1 Pin=D6-1
Added Pin To Net: NetName=NetD6_2 Pin=D6-2
Added Pin To Net: NetName=NetD7_1 Pin=D7-1
Added Pin To Net: NetName=NetD7_2 Pin=D7-2
Added Pin To Net: NetName=12V Pin=E1-1
Added Pin To Net: NetName=GND Pin=E1-2
Added Pin To Net: NetName=3V3 Pin=E2-1
Added Pin To Net: NetName=GND Pin=E2-2
Added Pin To Net: NetName=NetC8_2 Pin=L1-1
Added Pin To Net: NetName=3V3 Pin=L1-2
Added Pin To Net: NetName=GND Pin=LED1-1
Added Pin To Net: NetName=NetLED1_2 Pin=LED1-2
Added Pin To Net: NetName=GND Pin=LED2-1
Added Pin To Net: NetName=NetLED2_2 Pin=LED2-2
Added Pin To Net: NetName=OUT1 Pin=P1-1
Added Pin To Net: NetName=GND Pin=P1-2
Added Pin To Net: NetName=PE11/TIM1_CH2 Pin=P1-3
Added Pin To Net: NetName=PE9/TIM1_CH1 Pin=P1-4
Added Pin To Net: NetName=3V3 Pin=P1-5
Added Pin To Net: NetName=OUT2 Pin=P1-6
Added Pin To Net: NetName=5V Pin=P2-1
Added Pin To Net: NetName=5V Pin=P2-2
Added Pin To Net: NetName=GND Pin=P2-3
Added Pin To Net: NetName=GND Pin=P2-4
Added Pin To Net: NetName=12V Pin=P3-1
Added Pin To Net: NetName=12V Pin=P3-2
Added Pin To Net: NetName=GND Pin=P3-3
Added Pin To Net: NetName=GND Pin=P3-4
Added Pin To Net: NetName=5V Pin=P4-1
Added Pin To Net: NetName=TX Pin=P4-2
Added Pin To Net: NetName=RX Pin=P4-3
Added Pin To Net: NetName=GND Pin=P4-4
Added Pin To Net: NetName=GND Pin=P5-1
Added Pin To Net: NetName=4V2 Pin=P5-2
Added Pin To Net: NetName=5V Pin=P6-1
Added Pin To Net: NetName=GND Pin=P6-2
Added Pin To Net: NetName=PE0 Pin=P6-3
Added Pin To Net: NetName=PE1 Pin=P6-4
Added Pin To Net: NetName=PB8/KEY_Y_2 Pin=P6-5
Added Pin To Net: NetName=PB9/KEY_Y_3 Pin=P6-6
Added Pin To Net: NetName=PB6/KEY_Y_0 Pin=P6-7
Added Pin To Net: NetName=PB7/KEY_Y_1 Pin=P6-8
Added Pin To Net: NetName=PB4 Pin=P6-9
Added Pin To Net: NetName=PB5 Pin=P6-10
Added Pin To Net: NetName=PD7 Pin=P6-11
Added Pin To Net: NetName=PB3 Pin=P6-12
Added Pin To Net: NetName=PD5 Pin=P6-13
Added Pin To Net: NetName=PD6 Pin=P6-14
Added Pin To Net: NetName=PD3 Pin=P6-15
Added Pin To Net: NetName=PD4/MPU_SCL Pin=P6-16
Added Pin To Net: NetName=PD1/M_INT Pin=P6-17
Added Pin To Net: NetName=PD2/MPU_SDA Pin=P6-18
Added Pin To Net: NetName=PC11/G_INT Pin=P6-19
Added Pin To Net: NetName=PD0/A_INT Pin=P6-20
Added Pin To Net: NetName=PA11 Pin=P6-21
Added Pin To Net: NetName=PA12 Pin=P6-22
Added Pin To Net: NetName=PA9/USART1_TX Pin=P6-23
Added Pin To Net: NetName=PA10/USART1_RX Pin=P6-24
Added Pin To Net: NetName=PC12 Pin=P6-25
Added Pin To Net: NetName=PA8 Pin=P6-26
Added Pin To Net: NetName=PC10 Pin=P6-27
Added Pin To Net: NetName=PA15 Pin=P6-28
Added Pin To Net: NetName=PC8 Pin=P6-29
Added Pin To Net: NetName=PC9 Pin=P6-30
Added Pin To Net: NetName=PC6 Pin=P6-31
Added Pin To Net: NetName=PC7 Pin=P6-32
Added Pin To Net: NetName=PD14/TFT_FS0 Pin=P6-33
Added Pin To Net: NetName=PD15/TFT_CS2 Pin=P6-34
Added Pin To Net: NetName=PD12/TFT_CS Pin=P6-35
Added Pin To Net: NetName=PD13/TFT_BL Pin=P6-36
Added Pin To Net: NetName=PD10/TFT_RES Pin=P6-37
Added Pin To Net: NetName=PD11/TFT_DC Pin=P6-38
Added Pin To Net: NetName=PD8/TFT_SCL Pin=P6-39
Added Pin To Net: NetName=PD9/TFT_SDA Pin=P6-40
Added Pin To Net: NetName=3V3 Pin=P7-1
Added Pin To Net: NetName=GND Pin=P7-2
Added Pin To Net: NetName=PE2/KEY_X_0 Pin=P7-3
Added Pin To Net: NetName=PE3/KEY_X_1 Pin=P7-4
Added Pin To Net: NetName=PE4/KEY_X_2 Pin=P7-5
Added Pin To Net: NetName=PE5/KEY_X_3 Pin=P7-6
Added Pin To Net: NetName=PE6 Pin=P7-7
Added Pin To Net: NetName=PC13 Pin=P7-8
Added Pin To Net: NetName=PC0 Pin=P7-9
Added Pin To Net: NetName=PC1 Pin=P7-10
Added Pin To Net: NetName=PC2 Pin=P7-11
Added Pin To Net: NetName=PC3/ADC123 Pin=P7-12
Added Pin To Net: NetName=PA0 Pin=P7-13
Added Pin To Net: NetName=PA1 Pin=P7-14
Added Pin To Net: NetName=PA2/USART2_TX Pin=P7-15
Added Pin To Net: NetName=PA3/USART2_RX Pin=P7-16
Added Pin To Net: NetName=PA4 Pin=P7-17
Added Pin To Net: NetName=PA5 Pin=P7-18
Added Pin To Net: NetName=PA6 Pin=P7-19
Added Pin To Net: NetName=PA7 Pin=P7-20
Added Pin To Net: NetName=PC4 Pin=P7-21
Added Pin To Net: NetName=PC5 Pin=P7-22
Added Pin To Net: NetName=PB0/TIM3_CH3 Pin=P7-23
Added Pin To Net: NetName=PB0/TIM3_CH4 Pin=P7-24
Added Pin To Net: NetName=PB2 Pin=P7-25
Added Pin To Net: NetName=PE7 Pin=P7-26
Added Pin To Net: NetName=PE8 Pin=P7-27
Added Pin To Net: NetName=PE9/TIM1_CH1 Pin=P7-28
Added Pin To Net: NetName=PE10 Pin=P7-29
Added Pin To Net: NetName=PE11/TIM1_CH2 Pin=P7-30
Added Pin To Net: NetName=PE12/LED0 Pin=P7-31
Added Pin To Net: NetName=PE13/LED1 Pin=P7-32
Added Pin To Net: NetName=PE14/LED2 Pin=P7-33
Added Pin To Net: NetName=PE15/LED3 Pin=P7-34
Added Pin To Net: NetName=PB10/USART3_TX Pin=P7-35
Added Pin To Net: NetName=PB11/USART3_RX Pin=P7-36
Added Pin To Net: NetName=PB12 Pin=P7-37
Added Pin To Net: NetName=PB13 Pin=P7-38
Added Pin To Net: NetName=PB14 Pin=P7-39
Added Pin To Net: NetName=PB15 Pin=P7-40
Added Pin To Net: NetName=NetD6_2 Pin=P8-3
Added Pin To Net: NetName=NetD6_2 Pin=P8-4
Added Pin To Net: NetName=NetD7_2 Pin=P9-3
Added Pin To Net: NetName=NetD7_2 Pin=P9-4
Added Pin To Net: NetName=PB0/TIM3_CH3 Pin=Q1-1
Added Pin To Net: NetName=GND Pin=Q1-2
Added Pin To Net: NetName=NetQ1_3 Pin=Q1-3
Added Pin To Net: NetName=PB1/TIM3_CH4 Pin=Q2-1
Added Pin To Net: NetName=GND Pin=Q2-2
Added Pin To Net: NetName=NetQ2_3 Pin=Q2-3
Added Pin To Net: NetName=NetQ1_3 Pin=R1-1
Added Pin To Net: NetName=3V3 Pin=R1-2
Added Pin To Net: NetName=NetQ2_3 Pin=R2-1
Added Pin To Net: NetName=3V3 Pin=R2-2
Added Pin To Net: NetName=NetR3_1 Pin=R3-1
Added Pin To Net: NetName=GND Pin=R3-2
Added Pin To Net: NetName=PB0/TIM3_CH3 Pin=R4-1
Added Pin To Net: NetName=3V3 Pin=R4-2
Added Pin To Net: NetName=A Pin=R5-1
Added Pin To Net: NetName=B Pin=R5-2
Added Pin To Net: NetName=PB1/TIM3_CH4 Pin=R6-1
Added Pin To Net: NetName=3V3 Pin=R6-2
Added Pin To Net: NetName=NetLED2_2 Pin=R7-1
Added Pin To Net: NetName=3V3 Pin=R7-2
Added Pin To Net: NetName=NetLED1_2 Pin=R8-1
Added Pin To Net: NetName=4V2 Pin=R8-2
Added Pin To Net: NetName=NetR9_1 Pin=R9-1
Added Pin To Net: NetName=4V2 Pin=R9-2
Added Pin To Net: NetName=NetC20_2 Pin=R10-1
Added Pin To Net: NetName=NetC18_1 Pin=R10-2
Added Pin To Net: NetName=NetR11_1 Pin=R11-1
Added Pin To Net: NetName=3V3 Pin=R11-2
Added Pin To Net: NetName=GND Pin=R12-1
Added Pin To Net: NetName=NetR9_1 Pin=R12-2
Added Pin To Net: NetName=GND Pin=R13-1
Added Pin To Net: NetName=NetR11_1 Pin=R13-2
Added Pin To Net: NetName=PC3/ADC123 Pin=R14-1
Added Pin To Net: NetName=4V2 Pin=R14-2
Added Pin To Net: NetName=GND Pin=R15-1
Added Pin To Net: NetName=NetR15_2 Pin=R15-2
Added Pin To Net: NetName=GND Pin=R16-1
Added Pin To Net: NetName=PC3/ADC123 Pin=R16-2
Added Pin To Net: NetName=PD4/MPU_SCL Pin=R17-1
Added Pin To Net: NetName=3V3 Pin=R17-2
Added Pin To Net: NetName=PD2/MPU_SDA Pin=R18-1
Added Pin To Net: NetName=3V3 Pin=R18-2
Added Pin To Net: NetName=NetD2_1 Pin=R19-1
Added Pin To Net: NetName=3V3 Pin=R19-2
Added Pin To Net: NetName=NetD3_1 Pin=R20-1
Added Pin To Net: NetName=3V3 Pin=R20-2
Added Pin To Net: NetName=NetD4_1 Pin=R21-1
Added Pin To Net: NetName=3V3 Pin=R21-2
Added Pin To Net: NetName=NetD5_1 Pin=R22-1
Added Pin To Net: NetName=3V3 Pin=R22-2
Added Pin To Net: NetName=NetD6_1 Pin=R23-1
Added Pin To Net: NetName=NetD7_1 Pin=R24-1
Added Pin To Net: NetName=PB9/KEY_Y_3 Pin=SW1-3
Added Pin To Net: NetName=NetSW1_4 Pin=SW1-4
Added Pin To Net: NetName=PB9/KEY_Y_3 Pin=SW2-3
Added Pin To Net: NetName=NetSW2_4 Pin=SW2-4
Added Pin To Net: NetName=PB9/KEY_Y_3 Pin=SW3-3
Added Pin To Net: NetName=NetSW3_4 Pin=SW3-4
Added Pin To Net: NetName=PB9/KEY_Y_3 Pin=SW4-3
Added Pin To Net: NetName=NetSW4_4 Pin=SW4-4
Added Pin To Net: NetName=PB8/KEY_Y_2 Pin=SW5-3
Added Pin To Net: NetName=NetSW1_4 Pin=SW5-4
Added Pin To Net: NetName=PB8/KEY_Y_2 Pin=SW6-3
Added Pin To Net: NetName=NetSW2_4 Pin=SW6-4
Added Pin To Net: NetName=PB8/KEY_Y_2 Pin=SW7-3
Added Pin To Net: NetName=NetSW3_4 Pin=SW7-4
Added Pin To Net: NetName=PB8/KEY_Y_2 Pin=SW8-3
Added Pin To Net: NetName=NetSW4_4 Pin=SW8-4
Added Pin To Net: NetName=PB7/KEY_Y_1 Pin=SW9-3
Added Pin To Net: NetName=NetSW1_4 Pin=SW9-4
Added Pin To Net: NetName=PB7/KEY_Y_1 Pin=SW10-3
Added Pin To Net: NetName=NetSW2_4 Pin=SW10-4
Added Pin To Net: NetName=PB7/KEY_Y_1 Pin=SW11-3
Added Pin To Net: NetName=NetSW3_4 Pin=SW11-4
Added Pin To Net: NetName=PB7/KEY_Y_1 Pin=SW12-3
Added Pin To Net: NetName=NetSW4_4 Pin=SW12-4
Added Pin To Net: NetName=PB6/KEY_Y_0 Pin=SW13-3
Added Pin To Net: NetName=NetSW1_4 Pin=SW13-4
Added Pin To Net: NetName=PB6/KEY_Y_0 Pin=SW14-3
Added Pin To Net: NetName=PB6/KEY_Y_0 Pin=SW15-3
Added Pin To Net: NetName=NetSW3_4 Pin=SW15-4
Added Pin To Net: NetName=PB6/KEY_Y_0 Pin=SW16-3
Added Pin To Net: NetName=NetSW4_4 Pin=SW16-4
Added Pin To Net: NetName=PB11/USART3_RX Pin=U1-1
Added Pin To Net: NetName=PE10 Pin=U1-2
Added Pin To Net: NetName=PE10 Pin=U1-3
Added Pin To Net: NetName=PB10/USART3_TX Pin=U1-4
Added Pin To Net: NetName=GND Pin=U1-5
Added Pin To Net: NetName=A Pin=U1-6
Added Pin To Net: NetName=B Pin=U1-7
Added Pin To Net: NetName=5V Pin=U1-8
Added Pin To Net: NetName=GND Pin=U2-1
Added Pin To Net: NetName=NetQ1_3 Pin=U2-2
Added Pin To Net: NetName=NetQ2_3 Pin=U2-3
Added Pin To Net: NetName=12V Pin=U2-5
Added Pin To Net: NetName=OUT1 Pin=U2-6
Added Pin To Net: NetName=NetR3_1 Pin=U2-7
Added Pin To Net: NetName=OUT2 Pin=U2-8
Added Pin To Net: NetName=GND Pin=U2-9
Added Pin To Net: NetName=NetC5_2 Pin=U3-1
Added Pin To Net: NetName=NetC6_1 Pin=U3-2
Added Pin To Net: NetName=NetC5_1 Pin=U3-3
Added Pin To Net: NetName=NetC4_2 Pin=U3-4
Added Pin To Net: NetName=NetC4_1 Pin=U3-5
Added Pin To Net: NetName=NetC7_2 Pin=U3-6
Added Pin To Net: NetName=PA2/USART2_TX Pin=U3-11
Added Pin To Net: NetName=PA3/USART2_RX Pin=U3-12
Added Pin To Net: NetName=RX Pin=U3-13
Added Pin To Net: NetName=TX Pin=U3-14
Added Pin To Net: NetName=GND Pin=U3-15
Added Pin To Net: NetName=3V3 Pin=U3-16
Added Pin To Net: NetName=GND Pin=U4-1
Added Pin To Net: NetName=3V3 Pin=U4-8
Added Pin To Net: NetName=NetC19_2 Pin=U4-10
Added Pin To Net: NetName=GND Pin=U4-11
Added Pin To Net: NetName=3V3 Pin=U4-13
Added Pin To Net: NetName=GND Pin=U4-18
Added Pin To Net: NetName=NetC9_1 Pin=U4-20
Added Pin To Net: NetName=PD4/MPU_SCL Pin=U4-23
Added Pin To Net: NetName=PD2/MPU_SDA Pin=U4-24
Added Pin To Net: NetName=NetC8_1 Pin=U5-1
Added Pin To Net: NetName=4V2 Pin=U5-2
Added Pin To Net: NetName=NetR9_1 Pin=U5-3
Added Pin To Net: NetName=NetC17_2 Pin=U5-4
Added Pin To Net: NetName=NetR11_1 Pin=U5-5
Added Pin To Net: NetName=NetC18_1 Pin=U5-6
Added Pin To Net: NetName=GND Pin=U5-7
Added Pin To Net: NetName=NetC8_2 Pin=U5-8
Added Pin To Net: NetName=GND Pin=U5-9
Added Pin To Net: NetName=3V3 Pin=U6-1
Added Pin To Net: NetName=GND Pin=U6-2
Added Pin To Net: NetName=GND Pin=U6-4
Added Pin To Net: NetName=GND Pin=U6-5
Added Pin To Net: NetName=3V3 Pin=U6-6
Added Pin To Net: NetName=3V3 Pin=U6-7
Added Pin To Net: NetName=PD0/A_INT Pin=U6-8
Added Pin To Net: NetName=GND Pin=U6-12
Added Pin To Net: NetName=PD2/MPU_SDA Pin=U6-13
Added Pin To Net: NetName=PD4/MPU_SCL Pin=U6-14
Added Pin To Net: NetName=5V Pin=U7-1
Added Pin To Net: NetName=GND Pin=U7-2
Added Pin To Net: NetName=4V2 Pin=U7-3
Added Pin To Net: NetName=5V Pin=U7-4
Added Pin To Net: NetName=NetR15_2 Pin=U7-5
Added Pin To Net: NetName=PD4/MPU_SCL Pin=U8-1
Added Pin To Net: NetName=3V3 Pin=U8-2
Added Pin To Net: NetName=3V3 Pin=U8-4
Added Pin To Net: NetName=SETP Pin=U8-8
Added Pin To Net: NetName=GND Pin=U8-9
Added Pin To Net: NetName=NetC29_2 Pin=U8-10
Added Pin To Net: NetName=GND Pin=U8-11
Added Pin To Net: NetName=NetC28_1 Pin=U8-12
Added Pin To Net: NetName=3V3 Pin=U8-13
Added Pin To Net: NetName=PD1/M_INT Pin=U8-15
Added Pin To Net: NetName=PD2/MPU_SDA Pin=U8-16
Added Pin To Net: NetName=NetP8_1 Pin=P8-1
Added Pin To Net: NetName=NetP8_1 Pin=P8-2
Added Pin To Net: NetName=NetP8_1 Pin=R23-2
Added Net: Name=NetP8_1
Added Pin To Net: NetName=NetP9_1 Pin=P9-1
Added Pin To Net: NetName=NetP9_1 Pin=P9-2
Added Pin To Net: NetName=NetP9_1 Pin=R24-2
Added Net: Name=NetP9_1
Added Member To Class: ClassName=Sheet3 Member=Component C1 104
Added Member To Class: ClassName=Sheet3 Member=Component C2 220nF/50V
Added Member To Class: ClassName=Sheet3 Member=Component C3 104
Added Member To Class: ClassName=Sheet3 Member=Component C4 104
Added Member To Class: ClassName=Sheet3 Member=Component C5 104
Added Member To Class: ClassName=Sheet3 Member=Component C6 104
Added Member To Class: ClassName=Sheet3 Member=Component C7 104
Added Member To Class: ClassName=Sheet3 Member=Component C8 104
Added Member To Class: ClassName=Sheet3 Member=Component C9 2.2nF
Added Member To Class: ClassName=Sheet3 Member=Component C10 106
Added Member To Class: ClassName=Sheet3 Member=Component C11 106
Added Member To Class: ClassName=Sheet3 Member=Component C12 106
Added Member To Class: ClassName=Sheet3 Member=Component C13 103
Added Member To Class: ClassName=Sheet3 Member=Component C14 22uF
Added Member To Class: ClassName=Sheet3 Member=Component C15 22uF
Added Member To Class: ClassName=Sheet3 Member=Component C16 106
Added Member To Class: ClassName=Sheet3 Member=Component C17 8.2nF
Added Member To Class: ClassName=Sheet3 Member=Component C18 10pF
Added Member To Class: ClassName=Sheet3 Member=Component C19 104
Added Member To Class: ClassName=Sheet3 Member=Component C20 1nF
Added Member To Class: ClassName=Sheet3 Member=Component C21 104
Added Member To Class: ClassName=Sheet3 Member=Component C22 104
Added Member To Class: ClassName=Sheet3 Member=Component C23 104
Added Member To Class: ClassName=Sheet3 Member=Component C24 104
Added Member To Class: ClassName=Sheet3 Member=Component C25 104
Added Member To Class: ClassName=Sheet3 Member=Component C26 104
Added Member To Class: ClassName=Sheet3 Member=Component C27 104
Added Member To Class: ClassName=Sheet3 Member=Component C28 0.22uF
Added Member To Class: ClassName=Sheet3 Member=Component C29 4.7uF
Added Member To Class: ClassName=Sheet3 Member=Component D1 SS54_C123946
Added Member To Class: ClassName=Sheet3 Member=Component D2 LED
Added Member To Class: ClassName=Sheet3 Member=Component D3 LED
Added Member To Class: ClassName=Sheet3 Member=Component D4 LED
Added Member To Class: ClassName=Sheet3 Member=Component D5 LED
Added Member To Class: ClassName=Sheet3 Member=Component D6 LED
Added Member To Class: ClassName=Sheet3 Member=Component D7 LED
Added Member To Class: ClassName=Sheet3 Member=Component E1 100uF/50V
Added Member To Class: ClassName=Sheet3 Member=Component E2 1uF
Added Member To Class: ClassName=Sheet3 Member=Component L1 2.7uH
Added Member To Class: ClassName=Sheet3 Member=Component LED1 FC-1608UGK-520D
Added Member To Class: ClassName=Sheet3 Member=Component LED2 FC-1608UGK-520D
Added Member To Class: ClassName=Sheet3 Member=Component P1 Header 6
Added Member To Class: ClassName=Sheet3 Member=Component P2 Header 4
Added Member To Class: ClassName=Sheet3 Member=Component P3 Header 4
Added Member To Class: ClassName=Sheet3 Member=Component P4 Header 4
Added Member To Class: ClassName=Sheet3 Member=Component P5 Header 2
Added Member To Class: ClassName=Sheet3 Member=Component P6 Header 20X2
Added Member To Class: ClassName=Sheet3 Member=Component P7 Header 20X2
Added Member To Class: ClassName=Sheet3 Member=Component P8 Header 4
Added Member To Class: ClassName=Sheet3 Member=Component P9 Header 4
Added Member To Class: ClassName=Sheet3 Member=Component Q1 2N7002
Added Member To Class: ClassName=Sheet3 Member=Component Q2 2N7002
Added Member To Class: ClassName=Sheet3 Member=Component R1 1K
Added Member To Class: ClassName=Sheet3 Member=Component R2 1K
Added Member To Class: ClassName=Sheet3 Member=Component R3 0.25R/1W
Added Member To Class: ClassName=Sheet3 Member=Component R4 1K
Added Member To Class: ClassName=Sheet3 Member=Component R5 120R
Added Member To Class: ClassName=Sheet3 Member=Component R6 1K
Added Member To Class: ClassName=Sheet3 Member=Component R7 1K
Added Member To Class: ClassName=Sheet3 Member=Component R8 1K
Added Member To Class: ClassName=Sheet3 Member=Component R9 499K
Added Member To Class: ClassName=Sheet3 Member=Component R10 71.5K
Added Member To Class: ClassName=Sheet3 Member=Component R11 7.5K
Added Member To Class: ClassName=Sheet3 Member=Component R12 86.6K
Added Member To Class: ClassName=Sheet3 Member=Component R13 2.4K
Added Member To Class: ClassName=Sheet3 Member=Component R14 100K
Added Member To Class: ClassName=Sheet3 Member=Component R15 1.65K
Added Member To Class: ClassName=Sheet3 Member=Component R16 100K
Added Member To Class: ClassName=Sheet3 Member=Component R17 4.7K
Added Member To Class: ClassName=Sheet3 Member=Component R18 4.7K
Added Member To Class: ClassName=Sheet3 Member=Component R19 1K
Added Member To Class: ClassName=Sheet3 Member=Component R20 1K
Added Member To Class: ClassName=Sheet3 Member=Component R21 1K
Added Member To Class: ClassName=Sheet3 Member=Component R22 1K
Added Member To Class: ClassName=Sheet3 Member=Component R23 10K
Added Member To Class: ClassName=Sheet3 Member=Component R24 10K
Added Member To Class: ClassName=Sheet3 Member=Component SW1 6x6x5
Added Member To Class: ClassName=Sheet3 Member=Component SW2 6x6x5
Added Member To Class: ClassName=Sheet3 Member=Component SW3 6x6x5
Added Member To Class: ClassName=Sheet3 Member=Component SW4 6x6x5
Added Member To Class: ClassName=Sheet3 Member=Component SW5 6x6x5
Added Member To Class: ClassName=Sheet3 Member=Component SW6 6x6x5
Added Member To Class: ClassName=Sheet3 Member=Component SW7 6x6x5
Added Member To Class: ClassName=Sheet3 Member=Component SW8 6x6x5
Added Member To Class: ClassName=Sheet3 Member=Component SW9 6x6x5
Added Member To Class: ClassName=Sheet3 Member=Component SW10 6x6x5
Added Member To Class: ClassName=Sheet3 Member=Component SW11 6x6x5
Added Member To Class: ClassName=Sheet3 Member=Component SW12 6x6x5
Added Member To Class: ClassName=Sheet3 Member=Component SW13 6x6x5
Added Member To Class: ClassName=Sheet3 Member=Component SW14 6x6x5
Added Member To Class: ClassName=Sheet3 Member=Component SW15 6x6x5
Added Member To Class: ClassName=Sheet3 Member=Component SW16 6x6x5
Added Member To Class: ClassName=Sheet3 Member=Component U1 MAX485EN
Added Member To Class: ClassName=Sheet3 Member=Component U2 A4950ELJTR-T
Added Member To Class: ClassName=Sheet3 Member=Component U3 SP3232EEN-L
Added Member To Class: ClassName=Sheet3 Member=Component U4 MPU-6050_C24112
Added Member To Class: ClassName=Sheet3 Member=Component U5 TPS54531DDAR
Added Member To Class: ClassName=Sheet3 Member=Component U6 ADXL345BCCZ-RL7
Added Member To Class: ClassName=Sheet3 Member=Component U7 LTC4057ES5-4.2#TRM
Added Member To Class: ClassName=Sheet3 Member=Component U8 QMC5883L-TR
