Added Component: Designator=C1(C0805_L)
Add component (AddParameter): Name = "BOM名称"; Value = "无极性贴片电容"; VariantName = "[No Variations]"
Add component (AddParameter): Name = "联系卖家，免费查找封装"; Value = "唯一出售店铺网址https://shop463601444.taobao.com"; VariantName = "[No Variations]"
Added Component: Designator=C2(C0805_L)
Add component (AddParameter): Name = "BOM名称"; Value = "无极性贴片电容"; VariantName = "[No Variations]"
Add component (AddParameter): Name = "联系卖家，免费查找封装"; Value = "唯一出售店铺网址https://shop463601444.taobao.com"; VariantName = "[No Variations]"
Added Component: Designator=C3(C0805_L)
Add component (AddParameter): Name = "BOM名称"; Value = "无极性贴片电容"; VariantName = "[No Variations]"
Add component (AddParameter): Name = "联系卖家，免费查找封装"; Value = "唯一出售店铺网址https://shop463601444.taobao.com"; VariantName = "[No Variations]"
Added Component: Designator=C4(C0805_L)
Add component (AddParameter): Name = "BOM名称"; Value = "无极性贴片电容"; VariantName = "[No Variations]"
Add component (AddParameter): Name = "联系卖家，免费查找封装"; Value = "唯一出售店铺网址https://shop463601444.taobao.com"; VariantName = "[No Variations]"
Added Component: Designator=C5(C0805_L)
Add component (AddParameter): Name = "BOM名称"; Value = "无极性贴片电容"; VariantName = "[No Variations]"
Add component (AddParameter): Name = "联系卖家，免费查找封装"; Value = "唯一出售店铺网址https://shop463601444.taobao.com"; VariantName = "[No Variations]"
Added Component: Designator=C6(C0805_L)
Add component (AddParameter): Name = "BOM名称"; Value = "无极性贴片电容"; VariantName = "[No Variations]"
Add component (AddParameter): Name = "联系卖家，免费查找封装"; Value = "唯一出售店铺网址https://shop463601444.taobao.com"; VariantName = "[No Variations]"
Added Component: Designator=C7(C0805_L)
Add component (AddParameter): Name = "BOM名称"; Value = "无极性贴片电容"; VariantName = "[No Variations]"
Add component (AddParameter): Name = "联系卖家，免费查找封装"; Value = "唯一出售店铺网址https://shop463601444.taobao.com"; VariantName = "[No Variations]"
Added Component: Designator=C8(C0805_L)
Add component (AddParameter): Name = "BOM名称"; Value = "无极性贴片电容"; VariantName = "[No Variations]"
Add component (AddParameter): Name = "联系卖家，免费查找封装"; Value = "唯一出售店铺网址https://shop463601444.taobao.com"; VariantName = "[No Variations]"
Added Component: Designator=C9(C0805_L)
Add component (AddParameter): Name = "BOM名称"; Value = "无极性贴片电容"; VariantName = "[No Variations]"
Add component (AddParameter): Name = "联系卖家，免费查找封装"; Value = "唯一出售店铺网址https://shop463601444.taobao.com"; VariantName = "[No Variations]"
Added Component: Designator=C10(C0805_L)
Add component (AddParameter): Name = "BOM名称"; Value = "无极性贴片电容"; VariantName = "[No Variations]"
Add component (AddParameter): Name = "联系卖家，免费查找封装"; Value = "唯一出售店铺网址https://shop463601444.taobao.com"; VariantName = "[No Variations]"
Added Component: Designator=C11(C0805_L)
Add component (AddParameter): Name = "BOM名称"; Value = "无极性贴片电容"; VariantName = "[No Variations]"
Add component (AddParameter): Name = "联系卖家，免费查找封装"; Value = "唯一出售店铺网址https://shop463601444.taobao.com"; VariantName = "[No Variations]"
Added Component: Designator=C12(C0805_L)
Add component (AddParameter): Name = "BOM名称"; Value = "无极性贴片电容"; VariantName = "[No Variations]"
Add component (AddParameter): Name = "联系卖家，免费查找封装"; Value = "唯一出售店铺网址https://shop463601444.taobao.com"; VariantName = "[No Variations]"
Added Component: Designator=C13(C0805_L)
Add component (AddParameter): Name = "BOM名称"; Value = "无极性贴片电容"; VariantName = "[No Variations]"
Add component (AddParameter): Name = "联系卖家，免费查找封装"; Value = "唯一出售店铺网址https://shop463601444.taobao.com"; VariantName = "[No Variations]"
Added Component: Designator=C14(C0805_L)
Add component (AddParameter): Name = "BOM名称"; Value = "无极性贴片电容"; VariantName = "[No Variations]"
Add component (AddParameter): Name = "联系卖家，免费查找封装"; Value = "唯一出售店铺网址https://shop463601444.taobao.com"; VariantName = "[No Variations]"
Added Component: Designator=C15(C0805_L)
Add component (AddParameter): Name = "BOM名称"; Value = "无极性贴片电容"; VariantName = "[No Variations]"
Add component (AddParameter): Name = "联系卖家，免费查找封装"; Value = "唯一出售店铺网址https://shop463601444.taobao.com"; VariantName = "[No Variations]"
Added Component: Designator=C16(C0805_L)
Add component (AddParameter): Name = "BOM名称"; Value = "无极性贴片电容"; VariantName = "[No Variations]"
Add component (AddParameter): Name = "联系卖家，免费查找封装"; Value = "唯一出售店铺网址https://shop463601444.taobao.com"; VariantName = "[No Variations]"
Added Component: Designator=C17(C0805_L)
Add component (AddParameter): Name = "BOM名称"; Value = "无极性贴片电容"; VariantName = "[No Variations]"
Add component (AddParameter): Name = "联系卖家，免费查找封装"; Value = "唯一出售店铺网址https://shop463601444.taobao.com"; VariantName = "[No Variations]"
Added Component: Designator=C18(C0805_L)
Add component (AddParameter): Name = "BOM名称"; Value = "无极性贴片电容"; VariantName = "[No Variations]"
Add component (AddParameter): Name = "联系卖家，免费查找封装"; Value = "唯一出售店铺网址https://shop463601444.taobao.com"; VariantName = "[No Variations]"
Added Component: Designator=C19(C0805_L)
Add component (AddParameter): Name = "BOM名称"; Value = "无极性贴片电容"; VariantName = "[No Variations]"
Add component (AddParameter): Name = "联系卖家，免费查找封装"; Value = "唯一出售店铺网址https://shop463601444.taobao.com"; VariantName = "[No Variations]"
Added Component: Designator=C20(C0805_L)
Add component (AddParameter): Name = "BOM名称"; Value = "无极性贴片电容"; VariantName = "[No Variations]"
Add component (AddParameter): Name = "联系卖家，免费查找封装"; Value = "唯一出售店铺网址https://shop463601444.taobao.com"; VariantName = "[No Variations]"
Added Component: Designator=C21(C0805_L)
Add component (AddParameter): Name = "BOM名称"; Value = "无极性贴片电容"; VariantName = "[No Variations]"
Add component (AddParameter): Name = "联系卖家，免费查找封装"; Value = "唯一出售店铺网址https://shop463601444.taobao.com"; VariantName = "[No Variations]"
Added Component: Designator=C22(C0805_L)
Add component (AddParameter): Name = "BOM名称"; Value = "无极性贴片电容"; VariantName = "[No Variations]"
Add component (AddParameter): Name = "联系卖家，免费查找封装"; Value = "唯一出售店铺网址https://shop463601444.taobao.com"; VariantName = "[No Variations]"
Added Component: Designator=LED1(LED 5MM-W)
Add component (AddParameter): Name = "封装库来自淘宝卖家 ID：黄晶宝石"; Value = "其他店铺购入均为假冒，请立即申请退款，本店奖励现金5~20元"; VariantName = "[No Variations]"
Added Component: Designator=LED2(LED 5MM-W)
Add component (AddParameter): Name = "封装库来自淘宝卖家 ID：黄晶宝石"; Value = "其他店铺购入均为假冒，请立即申请退款，本店奖励现金5~20元"; VariantName = "[No Variations]"
Added Component: Designator=P1(HDR2X4)
Add component (AddParameter): Name = "LatestRevisionDate"; Value = "17-Jul-2002"; VariantName = "[No Variations]"
Add component (AddParameter): Name = "LatestRevisionNote"; Value = "Re-released for DXP Platform."; VariantName = "[No Variations]"
Add component (AddParameter): Name = "Publisher"; Value = "Altium Limited"; VariantName = "[No Variations]"
Added Component: Designator=P2(HDR2X20)
Add component (AddParameter): Name = "LatestRevisionDate"; Value = "17-Jul-2002"; VariantName = "[No Variations]"
Add component (AddParameter): Name = "LatestRevisionNote"; Value = "Re-released for DXP Platform."; VariantName = "[No Variations]"
Add component (AddParameter): Name = "Publisher"; Value = "Altium Limited"; VariantName = "[No Variations]"
Added Component: Designator=P3(HDR2X20)
Add component (AddParameter): Name = "LatestRevisionDate"; Value = "17-Jul-2002"; VariantName = "[No Variations]"
Add component (AddParameter): Name = "LatestRevisionNote"; Value = "Re-released for DXP Platform."; VariantName = "[No Variations]"
Add component (AddParameter): Name = "Publisher"; Value = "Altium Limited"; VariantName = "[No Variations]"
Added Component: Designator=P4(HDR1X10)
Add component (AddParameter): Name = "LatestRevisionDate"; Value = "17-Jul-2002"; VariantName = "[No Variations]"
Add component (AddParameter): Name = "LatestRevisionNote"; Value = "Re-released for DXP Platform."; VariantName = "[No Variations]"
Add component (AddParameter): Name = "Publisher"; Value = "Altium Limited"; VariantName = "[No Variations]"
Added Component: Designator=P5(HDR1X4)
Add component (AddParameter): Name = "LatestRevisionDate"; Value = "17-Jul-2002"; VariantName = "[No Variations]"
Add component (AddParameter): Name = "LatestRevisionNote"; Value = "Re-released for DXP Platform."; VariantName = "[No Variations]"
Add component (AddParameter): Name = "Publisher"; Value = "Altium Limited"; VariantName = "[No Variations]"
Added Component: Designator=P6(HDR1X4)
Add component (AddParameter): Name = "LatestRevisionDate"; Value = "17-Jul-2002"; VariantName = "[No Variations]"
Add component (AddParameter): Name = "LatestRevisionNote"; Value = "Re-released for DXP Platform."; VariantName = "[No Variations]"
Add component (AddParameter): Name = "Publisher"; Value = "Altium Limited"; VariantName = "[No Variations]"
Added Component: Designator=P7(HDR1X4)
Add component (AddParameter): Name = "LatestRevisionDate"; Value = "17-Jul-2002"; VariantName = "[No Variations]"
Add component (AddParameter): Name = "LatestRevisionNote"; Value = "Re-released for DXP Platform."; VariantName = "[No Variations]"
Add component (AddParameter): Name = "Publisher"; Value = "Altium Limited"; VariantName = "[No Variations]"
Added Component: Designator=R1(R0805_L)
Add component (AddParameter): Name = "BOM名称"; Value = "贴片电阻"; VariantName = "[No Variations]"
Add component (AddParameter): Name = "封装库来自淘宝卖家ID：黄晶宝石"; Value = "其他店铺购入均为盗版假冒封装库，请立即申请退款"; VariantName = "[No Variations]"
Add component (AddParameter): Name = "联系卖家，免费查找封装"; Value = "唯一出售店铺网址https://shop463601444.taobao.com"; VariantName = "[No Variations]"
Added Component: Designator=R2(R0805_L)
Add component (AddParameter): Name = "BOM名称"; Value = "贴片电阻"; VariantName = "[No Variations]"
Add component (AddParameter): Name = "封装库来自淘宝卖家ID：黄晶宝石"; Value = "其他店铺购入均为盗版假冒封装库，请立即申请退款"; VariantName = "[No Variations]"
Add component (AddParameter): Name = "联系卖家，免费查找封装"; Value = "唯一出售店铺网址https://shop463601444.taobao.com"; VariantName = "[No Variations]"
Added Component: Designator=R3(R0805_L)
Add component (AddParameter): Name = "BOM名称"; Value = "贴片电阻"; VariantName = "[No Variations]"
Add component (AddParameter): Name = "封装库来自淘宝卖家ID：黄晶宝石"; Value = "其他店铺购入均为盗版假冒封装库，请立即申请退款"; VariantName = "[No Variations]"
Add component (AddParameter): Name = "联系卖家，免费查找封装"; Value = "唯一出售店铺网址https://shop463601444.taobao.com"; VariantName = "[No Variations]"
Added Component: Designator=R4(R0805_L)
Add component (AddParameter): Name = "BOM名称"; Value = "贴片电阻"; VariantName = "[No Variations]"
Add component (AddParameter): Name = "封装库来自淘宝卖家ID：黄晶宝石"; Value = "其他店铺购入均为盗版假冒封装库，请立即申请退款"; VariantName = "[No Variations]"
Add component (AddParameter): Name = "联系卖家，免费查找封装"; Value = "唯一出售店铺网址https://shop463601444.taobao.com"; VariantName = "[No Variations]"
Added Component: Designator=R5(R0805_L)
Add component (AddParameter): Name = "BOM名称"; Value = "贴片电阻"; VariantName = "[No Variations]"
Add component (AddParameter): Name = "封装库来自淘宝卖家ID：黄晶宝石"; Value = "其他店铺购入均为盗版假冒封装库，请立即申请退款"; VariantName = "[No Variations]"
Add component (AddParameter): Name = "联系卖家，免费查找封装"; Value = "唯一出售店铺网址https://shop463601444.taobao.com"; VariantName = "[No Variations]"
Added Component: Designator=R6(R0805_L)
Add component (AddParameter): Name = "BOM名称"; Value = "贴片电阻"; VariantName = "[No Variations]"
Add component (AddParameter): Name = "封装库来自淘宝卖家ID：黄晶宝石"; Value = "其他店铺购入均为盗版假冒封装库，请立即申请退款"; VariantName = "[No Variations]"
Add component (AddParameter): Name = "联系卖家，免费查找封装"; Value = "唯一出售店铺网址https://shop463601444.taobao.com"; VariantName = "[No Variations]"
Added Component: Designator=R7(R0805_L)
Add component (AddParameter): Name = "BOM名称"; Value = "贴片电阻"; VariantName = "[No Variations]"
Add component (AddParameter): Name = "封装库来自淘宝卖家ID：黄晶宝石"; Value = "其他店铺购入均为盗版假冒封装库，请立即申请退款"; VariantName = "[No Variations]"
Add component (AddParameter): Name = "联系卖家，免费查找封装"; Value = "唯一出售店铺网址https://shop463601444.taobao.com"; VariantName = "[No Variations]"
Added Component: Designator=R8(R0805_L)
Add component (AddParameter): Name = "BOM名称"; Value = "贴片电阻"; VariantName = "[No Variations]"
Add component (AddParameter): Name = "封装库来自淘宝卖家ID：黄晶宝石"; Value = "其他店铺购入均为盗版假冒封装库，请立即申请退款"; VariantName = "[No Variations]"
Add component (AddParameter): Name = "联系卖家，免费查找封装"; Value = "唯一出售店铺网址https://shop463601444.taobao.com"; VariantName = "[No Variations]"
Added Component: Designator=SW1(SW SMD-3*6*2.5)
Add component (AddParameter): Name = "BOM名称"; Value = "3x6轻触开关"; VariantName = "[No Variations]"
Add component (AddParameter): Name = "联系卖家，免费查找封装"; Value = "唯一出售店铺网址https://shop463601444.taobao.com"; VariantName = "[No Variations]"
Added Component: Designator=U1(LQFP100_V)
Add component (AddParameter): Name = "16-bit Timers (IC/OC/PWM)"; Value = "12x16-bit(24/24/30)"; VariantName = "[No Variations]"
Add component (AddParameter): Name = "32-bit Timer (IC/OC/PWM)"; Value = "2x32-bit (8/8/8)"; VariantName = "[No Variations]"
Add component (AddParameter): Name = "A/D Converter"; Value = "16x12-bit"; VariantName = "[No Variations]"
Add component (AddParameter): Name = "ComponentLink1Description"; Value = "Manufacturer URL"; VariantName = "[No Variations]"
Add component (AddParameter): Name = "ComponentLink1URL"; Value = "http://www.st.com/"; VariantName = "[No Variations]"
Add component (AddParameter): Name = "ComponentLink2Description"; Value = "STM32F405/7 Datasheet"; VariantName = "[No Variations]"
Add component (AddParameter): Name = "ComponentLink2URL"; Value = "http://www.st.com/internet/com/TECHNICAL_RESOURCES/TECHNICAL_LITERATURE/DATASHEET/DM00037051.pdf"; VariantName = "[No Variations]"
Add component (AddParameter): Name = "ComponentLink3Description"; Value = "STM32F4 Web Page"; VariantName = "[No Variations]"
Add component (AddParameter): Name = "ComponentLink3URL"; Value = "http://www.st.com/internet/mcu/subclass/1521.jsp"; VariantName = "[No Variations]"
Add component (AddParameter): Name = "D/A Converter"; Value = "2x12-bit"; VariantName = "[No Variations]"
Add component (AddParameter): Name = "DatasheetVersion"; Value = "rev2, Jan-2012"; VariantName = "[No Variations]"
Add component (AddParameter): Name = "Internal RAM"; Value = "192kB"; VariantName = "[No Variations]"
Add component (AddParameter): Name = "Operating Frequency (Processor Speed)"; Value = "168MHz"; VariantName = "[No Variations]"
Add component (AddParameter): Name = "Other Timer Functions"; Value = "2xWDG, RTC, 24-bit down counter"; VariantName = "[No Variations]"
Add component (AddParameter): Name = "PackageDescription"; Value = "100-Pin Low Profile Quad Flat Package, 14x14 mm Body, 0.5 mm Pitch"; VariantName = "[No Variations]"
Add component (AddParameter): Name = "PackageReference"; Value = "LQFP100"; VariantName = "[No Variations]"
Add component (AddParameter): Name = "PackageVersion"; Value = "2012"; VariantName = "[No Variations]"
Add component (AddParameter): Name = "Serial Interface"; Value = "3xSPI/2xI2S/2xI2C/3xUSART(IrDa, ISO7816)/3xUART/2xUSB OTG FS/HS, 2xCAN/Ethernet MAC10/100, SDIO"; VariantName = "[No Variations]"
Add component (AddParameter): Name = "联系卖家，免费查找封装"; Value = "唯一出售店铺网址https://shop463601444.taobao.com"; VariantName = "[No Variations]"
Added Component: Designator=USB1(USB-MICRO_A)
Add component (AddParameter): Name = "BOM名称"; Value = "微型USB母座"; VariantName = "[No Variations]"
Add component (AddParameter): Name = "联系卖家，免费技术支持"; Value = "唯一出售店铺网址https://shop463601444.taobao.com"; VariantName = "[No Variations]"
Added Component: Designator=V1(SOT89_L)
Add component (AddParameter): Name = "BOM名称"; Value = "稳压芯片"; VariantName = "[No Variations]"
Add component (AddParameter): Name = "封装库来自淘宝卖家 ID：黄晶宝石"; Value = "其他店铺购入均为盗版，请立即申请退款，本店现金奖励5~20元"; VariantName = "[No Variations]"
Add component (AddParameter): Name = "联系卖家 免费查找封装"; Value = "唯一出售店铺网址https://shop463601444.taobao.com"; VariantName = "[No Variations]"
Added Component: Designator=X1(OSC HC-49S)
Add component (AddParameter): Name = "BOM名称"; Value = "2脚无源脚晶振"; VariantName = "[No Variations]"
Add component (AddParameter): Name = "学习资源"; Value = "www.ooocke.com"; VariantName = "[No Variations]"
Add component (AddParameter): Name = "版权归属"; Value = "源创客"; VariantName = "[No Variations]"
Added Component: Designator=X2(OSC HC-49S)
Add component (AddParameter): Name = "BOM名称"; Value = "2脚无源脚晶振"; VariantName = "[No Variations]"
Add component (AddParameter): Name = "学习资源"; Value = "www.ooocke.com"; VariantName = "[No Variations]"
Add component (AddParameter): Name = "版权归属"; Value = "源创客"; VariantName = "[No Variations]"
Added Pin To Net: NetName=NetC1_1 Pin=C1-1
Added Pin To Net: NetName=GND Pin=C1-2
Added Pin To Net: NetName=GND Pin=C2-1
Added Pin To Net: NetName=VDDA Pin=C2-2
Added Pin To Net: NetName=GND Pin=C3-1
Added Pin To Net: NetName=VDDA Pin=C3-2
Added Pin To Net: NetName=GND Pin=C4-1
Added Pin To Net: NetName=3V3 Pin=C4-2
Added Pin To Net: NetName=GND Pin=C5-1
Added Pin To Net: NetName=3V3 Pin=C5-2
Added Pin To Net: NetName=GND Pin=C6-1
Added Pin To Net: NetName=3V3 Pin=C6-2
Added Pin To Net: NetName=GND Pin=C7-1
Added Pin To Net: NetName=3V3 Pin=C7-2
Added Pin To Net: NetName=GND Pin=C8-1
Added Pin To Net: NetName=3V3 Pin=C8-2
Added Pin To Net: NetName=GND Pin=C9-1
Added Pin To Net: NetName=3V3 Pin=C9-2
Added Pin To Net: NetName=GND Pin=C10-1
Added Pin To Net: NetName=3V3 Pin=C10-2
Added Pin To Net: NetName=NetC11_1 Pin=C11-1
Added Pin To Net: NetName=GND Pin=C11-2
Added Pin To Net: NetName=GND Pin=C12-1
Added Pin To Net: NetName=NetC12_2 Pin=C12-2
Added Pin To Net: NetName=NetC13_1 Pin=C13-1
Added Pin To Net: NetName=GND Pin=C13-2
Added Pin To Net: NetName=GND Pin=C14-1
Added Pin To Net: NetName=NetC14_2 Pin=C14-2
Added Pin To Net: NetName=NetC15_1 Pin=C15-1
Added Pin To Net: NetName=GND Pin=C15-2
Added Pin To Net: NetName=GND Pin=C16-1
Added Pin To Net: NetName=PC14 Pin=C16-2
Added Pin To Net: NetName=GND Pin=C17-1
Added Pin To Net: NetName=PC15 Pin=C17-2
Added Pin To Net: NetName=GND Pin=C18-1
Added Pin To Net: NetName=3V3 Pin=C18-2
Added Pin To Net: NetName=GND Pin=C19-1
Added Pin To Net: NetName=5V Pin=C19-2
Added Pin To Net: NetName=GND Pin=C20-1
Added Pin To Net: NetName=5V Pin=C20-2
Added Pin To Net: NetName=GND Pin=C21-1
Added Pin To Net: NetName=3V3 Pin=C21-2
Added Pin To Net: NetName=GND Pin=C22-1
Added Pin To Net: NetName=3V3 Pin=C22-2
Added Pin To Net: NetName=NetLED1_1 Pin=LED1-1
Added Pin To Net: NetName=GND Pin=LED1-2
Added Pin To Net: NetName=NetLED2_1 Pin=LED2-1
Added Pin To Net: NetName=GND Pin=LED2-2
Added Pin To Net: NetName=VCC Pin=P1-1
Added Pin To Net: NetName=GND Pin=P1-2
Added Pin To Net: NetName=VCC Pin=P1-3
Added Pin To Net: NetName=GND Pin=P1-4
Added Pin To Net: NetName=VCC Pin=P1-5
Added Pin To Net: NetName=GND Pin=P1-6
Added Pin To Net: NetName=VCC Pin=P1-7
Added Pin To Net: NetName=GND Pin=P1-8
Added Pin To Net: NetName=5V Pin=P2-1
Added Pin To Net: NetName=GND Pin=P2-2
Added Pin To Net: NetName=PE0 Pin=P2-3
Added Pin To Net: NetName=PE1 Pin=P2-4
Added Pin To Net: NetName=PB8 Pin=P2-5
Added Pin To Net: NetName=PB9 Pin=P2-6
Added Pin To Net: NetName=PB6 Pin=P2-7
Added Pin To Net: NetName=PB7 Pin=P2-8
Added Pin To Net: NetName=PB4 Pin=P2-9
Added Pin To Net: NetName=PB5 Pin=P2-10
Added Pin To Net: NetName=PD7 Pin=P2-11
Added Pin To Net: NetName=PB3 Pin=P2-12
Added Pin To Net: NetName=PD5 Pin=P2-13
Added Pin To Net: NetName=PD6 Pin=P2-14
Added Pin To Net: NetName=PD3 Pin=P2-15
Added Pin To Net: NetName=PD4 Pin=P2-16
Added Pin To Net: NetName=PD1 Pin=P2-17
Added Pin To Net: NetName=PD2 Pin=P2-18
Added Pin To Net: NetName=PC11 Pin=P2-19
Added Pin To Net: NetName=PD0 Pin=P2-20
Added Pin To Net: NetName=PA11 Pin=P2-21
Added Pin To Net: NetName=PA12 Pin=P2-22
Added Pin To Net: NetName=PA9/USART1_TX Pin=P2-23
Added Pin To Net: NetName=PA10/USART1_RX Pin=P2-24
Added Pin To Net: NetName=PC12 Pin=P2-25
Added Pin To Net: NetName=PA8 Pin=P2-26
Added Pin To Net: NetName=PC10 Pin=P2-27
Added Pin To Net: NetName=PA15 Pin=P2-28
Added Pin To Net: NetName=PC8 Pin=P2-29
Added Pin To Net: NetName=PC9 Pin=P2-30
Added Pin To Net: NetName=PC6 Pin=P2-31
Added Pin To Net: NetName=PC7 Pin=P2-32
Added Pin To Net: NetName=PD14/TFT_FS0 Pin=P2-33
Added Pin To Net: NetName=PD15/TFT_CS2 Pin=P2-34
Added Pin To Net: NetName=PD12/TFT_CS Pin=P2-35
Added Pin To Net: NetName=PD13/TFT_BL Pin=P2-36
Added Pin To Net: NetName=PD10/TFT_RES Pin=P2-37
Added Pin To Net: NetName=PD11/TFT_DC Pin=P2-38
Added Pin To Net: NetName=PD8/TFT_SCL Pin=P2-39
Added Pin To Net: NetName=PD9/TFT_SDA Pin=P2-40
Added Pin To Net: NetName=3V3 Pin=P3-1
Added Pin To Net: NetName=GND Pin=P3-2
Added Pin To Net: NetName=PE2 Pin=P3-3
Added Pin To Net: NetName=PE3 Pin=P3-4
Added Pin To Net: NetName=PE4 Pin=P3-5
Added Pin To Net: NetName=PE5 Pin=P3-6
Added Pin To Net: NetName=PE6 Pin=P3-7
Added Pin To Net: NetName=PC13 Pin=P3-8
Added Pin To Net: NetName=PC0 Pin=P3-9
Added Pin To Net: NetName=PC1 Pin=P3-10
Added Pin To Net: NetName=PC2 Pin=P3-11
Added Pin To Net: NetName=PC3 Pin=P3-12
Added Pin To Net: NetName=PA0 Pin=P3-13
Added Pin To Net: NetName=PA1 Pin=P3-14
Added Pin To Net: NetName=PA2/USART2_TX Pin=P3-15
Added Pin To Net: NetName=PA3/USART2_RX Pin=P3-16
Added Pin To Net: NetName=PA4 Pin=P3-17
Added Pin To Net: NetName=PA5 Pin=P3-18
Added Pin To Net: NetName=PA6 Pin=P3-19
Added Pin To Net: NetName=PA7 Pin=P3-20
Added Pin To Net: NetName=PC4 Pin=P3-21
Added Pin To Net: NetName=PC5 Pin=P3-22
Added Pin To Net: NetName=PB0 Pin=P3-23
Added Pin To Net: NetName=PB1 Pin=P3-24
Added Pin To Net: NetName=PB2 Pin=P3-25
Added Pin To Net: NetName=PE7 Pin=P3-26
Added Pin To Net: NetName=PE8 Pin=P3-27
Added Pin To Net: NetName=PE9 Pin=P3-28
Added Pin To Net: NetName=PE10 Pin=P3-29
Added Pin To Net: NetName=PE11 Pin=P3-30
Added Pin To Net: NetName=PE12 Pin=P3-31
Added Pin To Net: NetName=PE13 Pin=P3-32
Added Pin To Net: NetName=PE14 Pin=P3-33
Added Pin To Net: NetName=PE15 Pin=P3-34
Added Pin To Net: NetName=PB10 Pin=P3-35
Added Pin To Net: NetName=PB11 Pin=P3-36
Added Pin To Net: NetName=PB12 Pin=P3-37
Added Pin To Net: NetName=PB13 Pin=P3-38
Added Pin To Net: NetName=PB14 Pin=P3-39
Added Pin To Net: NetName=PB15 Pin=P3-40
Added Pin To Net: NetName=GND Pin=P4-1
Added Pin To Net: NetName=3V3 Pin=P4-2
Added Pin To Net: NetName=PD8/TFT_SCL Pin=P4-3
Added Pin To Net: NetName=PD9/TFT_SDA Pin=P4-4
Added Pin To Net: NetName=PD10/TFT_RES Pin=P4-5
Added Pin To Net: NetName=PD11/TFT_DC Pin=P4-6
Added Pin To Net: NetName=PD12/TFT_CS Pin=P4-7
Added Pin To Net: NetName=PD13/TFT_BL Pin=P4-8
Added Pin To Net: NetName=PD14/TFT_FS0 Pin=P4-9
Added Pin To Net: NetName=PD15/TFT_CS2 Pin=P4-10
Added Pin To Net: NetName=3V3 Pin=P5-1
Added Pin To Net: NetName=PA13/SWDIO Pin=P5-2
Added Pin To Net: NetName=PA14/SWCLK Pin=P5-3
Added Pin To Net: NetName=GND Pin=P5-4
Added Pin To Net: NetName=VCC Pin=P6-1
Added Pin To Net: NetName=PA2/USART2_TX Pin=P6-2
Added Pin To Net: NetName=PA3/USART2_RX Pin=P6-3
Added Pin To Net: NetName=GND Pin=P6-4
Added Pin To Net: NetName=3V3 Pin=P7-1
Added Pin To Net: NetName=PA9/USART1_TX Pin=P7-2
Added Pin To Net: NetName=PA10/USART1_RX Pin=P7-3
Added Pin To Net: NetName=GND Pin=P7-4
Added Pin To Net: NetName=NetC1_1 Pin=R1-1
Added Pin To Net: NetName=VDDA Pin=R1-2
Added Pin To Net: NetName=PB2 Pin=R2-1
Added Pin To Net: NetName=GND Pin=R2-2
Added Pin To Net: NetName=3V3 Pin=R3-1
Added Pin To Net: NetName=VDDA Pin=R3-2
Added Pin To Net: NetName=NetR4_1 Pin=R4-1
Added Pin To Net: NetName=GND Pin=R4-2
Added Pin To Net: NetName=NetLED1_1 Pin=R5-1
Added Pin To Net: NetName=3V3 Pin=R5-2
Added Pin To Net: NetName=NetLED2_1 Pin=R6-1
Added Pin To Net: NetName=3V3 Pin=R6-2
Added Pin To Net: NetName=3V3 Pin=R7-1
Added Pin To Net: NetName=NetC11_1 Pin=R7-2
Added Pin To Net: NetName=NetC14_2 Pin=R8-1
Added Pin To Net: NetName=NetC12_2 Pin=R8-2
Added Pin To Net: NetName=GND Pin=SW1-1
Added Pin To Net: NetName=NetC11_1 Pin=SW1-2
Added Pin To Net: NetName=PE2 Pin=U1-1
Added Pin To Net: NetName=PE3 Pin=U1-2
Added Pin To Net: NetName=PE4 Pin=U1-3
Added Pin To Net: NetName=PE5 Pin=U1-4
Added Pin To Net: NetName=PE6 Pin=U1-5
Added Pin To Net: NetName=PC13 Pin=U1-7
Added Pin To Net: NetName=PC14 Pin=U1-8
Added Pin To Net: NetName=PC15 Pin=U1-9
Added Pin To Net: NetName=GND Pin=U1-10
Added Pin To Net: NetName=3V3 Pin=U1-11
Added Pin To Net: NetName=NetC12_2 Pin=U1-12
Added Pin To Net: NetName=NetC14_2 Pin=U1-13
Added Pin To Net: NetName=NetC11_1 Pin=U1-14
Added Pin To Net: NetName=PC0 Pin=U1-15
Added Pin To Net: NetName=PC1 Pin=U1-16
Added Pin To Net: NetName=PC2 Pin=U1-17
Added Pin To Net: NetName=PC3 Pin=U1-18
Added Pin To Net: NetName=3V3 Pin=U1-19
Added Pin To Net: NetName=GND Pin=U1-20
Added Pin To Net: NetName=NetC1_1 Pin=U1-21
Added Pin To Net: NetName=VDDA Pin=U1-22
Added Pin To Net: NetName=PA0 Pin=U1-23
Added Pin To Net: NetName=PA1 Pin=U1-24
Added Pin To Net: NetName=PA2/USART2_TX Pin=U1-25
Added Pin To Net: NetName=PA3/USART2_RX Pin=U1-26
Added Pin To Net: NetName=GND Pin=U1-27
Added Pin To Net: NetName=3V3 Pin=U1-28
Added Pin To Net: NetName=PA4 Pin=U1-29
Added Pin To Net: NetName=PA5 Pin=U1-30
Added Pin To Net: NetName=PA6 Pin=U1-31
Added Pin To Net: NetName=PA7 Pin=U1-32
Added Pin To Net: NetName=PC4 Pin=U1-33
Added Pin To Net: NetName=PC5 Pin=U1-34
Added Pin To Net: NetName=PB0 Pin=U1-35
Added Pin To Net: NetName=PB1 Pin=U1-36
Added Pin To Net: NetName=PB2 Pin=U1-37
Added Pin To Net: NetName=PE7 Pin=U1-38
Added Pin To Net: NetName=PE8 Pin=U1-39
Added Pin To Net: NetName=PE9 Pin=U1-40
Added Pin To Net: NetName=PE10 Pin=U1-41
Added Pin To Net: NetName=PE11 Pin=U1-42
Added Pin To Net: NetName=PE12 Pin=U1-43
Added Pin To Net: NetName=PE13 Pin=U1-44
Added Pin To Net: NetName=PE14 Pin=U1-45
Added Pin To Net: NetName=PE15 Pin=U1-46
Added Pin To Net: NetName=PB10 Pin=U1-47
Added Pin To Net: NetName=PB11 Pin=U1-48
Added Pin To Net: NetName=NetC13_1 Pin=U1-49
Added Pin To Net: NetName=3V3 Pin=U1-50
Added Pin To Net: NetName=PB12 Pin=U1-51
Added Pin To Net: NetName=PB13 Pin=U1-52
Added Pin To Net: NetName=PB14 Pin=U1-53
Added Pin To Net: NetName=PB15 Pin=U1-54
Added Pin To Net: NetName=PD8/TFT_SCL Pin=U1-55
Added Pin To Net: NetName=PD9/TFT_SDA Pin=U1-56
Added Pin To Net: NetName=PD10/TFT_RES Pin=U1-57
Added Pin To Net: NetName=PD11/TFT_DC Pin=U1-58
Added Pin To Net: NetName=PD12/TFT_CS Pin=U1-59
Added Pin To Net: NetName=PD13/TFT_BL Pin=U1-60
Added Pin To Net: NetName=PD14/TFT_FS0 Pin=U1-61
Added Pin To Net: NetName=PD15/TFT_CS2 Pin=U1-62
Added Pin To Net: NetName=PC6 Pin=U1-63
Added Pin To Net: NetName=PC7 Pin=U1-64
Added Pin To Net: NetName=PC8 Pin=U1-65
Added Pin To Net: NetName=PC9 Pin=U1-66
Added Pin To Net: NetName=PA8 Pin=U1-67
Added Pin To Net: NetName=PA9/USART1_TX Pin=U1-68
Added Pin To Net: NetName=PA10/USART1_RX Pin=U1-69
Added Pin To Net: NetName=PA11 Pin=U1-70
Added Pin To Net: NetName=PA12 Pin=U1-71
Added Pin To Net: NetName=PA13 Pin=U1-72
Added Pin To Net: NetName=NetC15_1 Pin=U1-73
Added Pin To Net: NetName=GND Pin=U1-74
Added Pin To Net: NetName=3V3 Pin=U1-75
Added Pin To Net: NetName=PA14 Pin=U1-76
Added Pin To Net: NetName=PA15 Pin=U1-77
Added Pin To Net: NetName=PC10 Pin=U1-78
Added Pin To Net: NetName=PC11 Pin=U1-79
Added Pin To Net: NetName=PC12 Pin=U1-80
Added Pin To Net: NetName=PD0 Pin=U1-81
Added Pin To Net: NetName=PD1 Pin=U1-82
Added Pin To Net: NetName=PD2 Pin=U1-83
Added Pin To Net: NetName=PD3 Pin=U1-84
Added Pin To Net: NetName=PD4 Pin=U1-85
Added Pin To Net: NetName=PD5 Pin=U1-86
Added Pin To Net: NetName=PD6 Pin=U1-87
Added Pin To Net: NetName=PD7 Pin=U1-88
Added Pin To Net: NetName=PB3 Pin=U1-89
Added Pin To Net: NetName=PB4 Pin=U1-90
Added Pin To Net: NetName=PB5 Pin=U1-91
Added Pin To Net: NetName=PB6 Pin=U1-92
Added Pin To Net: NetName=PB7 Pin=U1-93
Added Pin To Net: NetName=NetR4_1 Pin=U1-94
Added Pin To Net: NetName=PB8 Pin=U1-95
Added Pin To Net: NetName=PB9 Pin=U1-96
Added Pin To Net: NetName=PE0 Pin=U1-97
Added Pin To Net: NetName=PE1 Pin=U1-98
Added Pin To Net: NetName=GND Pin=U1-99
Added Pin To Net: NetName=3V3 Pin=U1-100
Added Pin To Net: NetName=5V Pin=USB1-1
Added Pin To Net: NetName=GND Pin=USB1-5
Added Pin To Net: NetName=GND Pin=USB1-5
Added Pin To Net: NetName=GND Pin=USB1-5
Added Pin To Net: NetName=GND Pin=USB1-5
Added Pin To Net: NetName=GND Pin=USB1-5
Added Pin To Net: NetName=GND Pin=V1-1
Added Pin To Net: NetName=3V3 Pin=V1-2
Added Pin To Net: NetName=3V3 Pin=V1-2
Added Pin To Net: NetName=5V Pin=V1-3
Added Pin To Net: NetName=NetC14_2 Pin=X1-1
Added Pin To Net: NetName=NetC12_2 Pin=X1-2
Added Pin To Net: NetName=PC15 Pin=X2-1
Added Pin To Net: NetName=PC14 Pin=X2-2
Added Member To Class: ClassName=Sheet1 Member=Component C1 104
Added Member To Class: ClassName=Sheet1 Member=Component C2 104
Added Member To Class: ClassName=Sheet1 Member=Component C3 106
Added Member To Class: ClassName=Sheet1 Member=Component C4 104
Added Member To Class: ClassName=Sheet1 Member=Component C5 104
Added Member To Class: ClassName=Sheet1 Member=Component C6 104
Added Member To Class: ClassName=Sheet1 Member=Component C7 104
Added Member To Class: ClassName=Sheet1 Member=Component C8 104
Added Member To Class: ClassName=Sheet1 Member=Component C9 104
Added Member To Class: ClassName=Sheet1 Member=Component C10 104
Added Member To Class: ClassName=Sheet1 Member=Component C11 104
Added Member To Class: ClassName=Sheet1 Member=Component C12 22pF
Added Member To Class: ClassName=Sheet1 Member=Component C13 2.2uF
Added Member To Class: ClassName=Sheet1 Member=Component C14 22pF
Added Member To Class: ClassName=Sheet1 Member=Component C15 2.2uF
Added Member To Class: ClassName=Sheet1 Member=Component C16 12pF
Added Member To Class: ClassName=Sheet1 Member=Component C17 12pF
Added Member To Class: ClassName=Sheet1 Member=Component C18 104
Added Member To Class: ClassName=Sheet1 Member=Component C19 106
Added Member To Class: ClassName=Sheet1 Member=Component C20 104
Added Member To Class: ClassName=Sheet1 Member=Component C21 106
Added Member To Class: ClassName=Sheet1 Member=Component C22 104
Added Member To Class: ClassName=Sheet1 Member=Component LED1 LED
Added Member To Class: ClassName=Sheet1 Member=Component LED2 LED
Added Member To Class: ClassName=Sheet1 Member=Component P1 JP7
Added Member To Class: ClassName=Sheet1 Member=Component P2 JP4
Added Member To Class: ClassName=Sheet1 Member=Component P3 JP5
Added Member To Class: ClassName=Sheet1 Member=Component P4 JP2
Added Member To Class: ClassName=Sheet1 Member=Component P5 JP1
Added Member To Class: ClassName=Sheet1 Member=Component P6 JP3
Added Member To Class: ClassName=Sheet1 Member=Component P7 JP6
Added Member To Class: ClassName=Sheet1 Member=Component R1 0R
Added Member To Class: ClassName=Sheet1 Member=Component R2 10K
Added Member To Class: ClassName=Sheet1 Member=Component R3 0R
Added Member To Class: ClassName=Sheet1 Member=Component R4 10K
Added Member To Class: ClassName=Sheet1 Member=Component R5 510R
Added Member To Class: ClassName=Sheet1 Member=Component R6 510R
Added Member To Class: ClassName=Sheet1 Member=Component R7 10K
Added Member To Class: ClassName=Sheet1 Member=Component R8 1K
Added Member To Class: ClassName=Sheet1 Member=Component SW1 3x6x5
Added Member To Class: ClassName=Sheet1 Member=Component U1 STM32F407VET6
Added Member To Class: ClassName=Sheet1 Member=Component USB1 USB-5P
Added Member To Class: ClassName=Sheet1 Member=Component V1 AMS1117-3V3
Added Member To Class: ClassName=Sheet1 Member=Component X1 8MHz
Added Member To Class: ClassName=Sheet1 Member=Component X2 32.768K
Added Room: Name=Sheet1
