Added Pin To Net: NetName=NetC1_1 Pin=C1-1
Added Pin To Net: NetName=GND Pin=C1-2
Added Pin To Net: NetName=VDDA Pin=C2-1
Added Pin To Net: NetName=GND Pin=C2-2
Added Pin To Net: NetName=VDDA Pin=C3-1
Added Pin To Net: NetName=GND Pin=C3-2
Added Pin To Net: NetName=GND Pin=C4-1
Added Pin To Net: NetName=3V3 Pin=C4-2
Added Pin To Net: NetName=GND Pin=C5-1
Added Pin To Net: NetName=3V3 Pin=C5-2
Added Pin To Net: NetName=GND Pin=C6-1
Added Pin To Net: NetName=3V3 Pin=C6-2
Added Pin To Net: NetName=GND Pin=C7-1
Added Pin To Net: NetName=3V3 Pin=C7-2
Added Pin To Net: NetName=GND Pin=C8-1
Added Pin To Net: NetName=3V3 Pin=C8-2
Added Pin To Net: NetName=GND Pin=C9-1
Added Pin To Net: NetName=3V3 Pin=C9-2
Added Pin To Net: NetName=GND Pin=C10-1
Added Pin To Net: NetName=3V3 Pin=C10-2
Added Pin To Net: NetName=GND Pin=C11-1
Added Pin To Net: NetName=NetC11_2 Pin=C11-2
Added Pin To Net: NetName=GND Pin=C12-1
Added Pin To Net: NetName=NetC12_2 Pin=C12-2
Added Pin To Net: NetName=GND Pin=C13-1
Added Pin To Net: NetName=NetC13_2 Pin=C13-2
Added Pin To Net: NetName=GND Pin=C14-1
Added Pin To Net: NetName=NetC14_2 Pin=C14-2
Added Pin To Net: NetName=GND Pin=C15-1
Added Pin To Net: NetName=NetC15_2 Pin=C15-2
Added Pin To Net: NetName=GND Pin=C16-1
Added Pin To Net: NetName=PC14 Pin=C16-2
Added Pin To Net: NetName=GND Pin=C17-1
Added Pin To Net: NetName=PC15 Pin=C17-2
Added Pin To Net: NetName=GND Pin=C18-1
Added Pin To Net: NetName=3V3 Pin=C18-2
Added Pin To Net: NetName=GND Pin=C19-1
Added Pin To Net: NetName=5V Pin=C19-2
Added Pin To Net: NetName=GND Pin=C20-1
Added Pin To Net: NetName=5V Pin=C20-2
Added Pin To Net: NetName=GND Pin=C21-1
Added Pin To Net: NetName=3V3 Pin=C21-2
Added Pin To Net: NetName=GND Pin=C22-1
Added Pin To Net: NetName=3V3 Pin=C22-2
Added Pin To Net: NetName=NetLED1_1 Pin=LED1-1
Added Pin To Net: NetName=GND Pin=LED1-2
Added Pin To Net: NetName=NetLED2_1 Pin=LED2-1
Added Pin To Net: NetName=GND Pin=LED2-2
Added Pin To Net: NetName=VCC Pin=P1-1
Added Pin To Net: NetName=GND Pin=P1-2
Added Pin To Net: NetName=VCC Pin=P1-3
Added Pin To Net: NetName=GND Pin=P1-4
Added Pin To Net: NetName=VCC Pin=P1-5
Added Pin To Net: NetName=GND Pin=P1-6
Added Pin To Net: NetName=VCC Pin=P1-7
Added Pin To Net: NetName=GND Pin=P1-8
Added Pin To Net: NetName=5V Pin=P2-1
Added Pin To Net: NetName=GND Pin=P2-2
Added Pin To Net: NetName=PE0 Pin=P2-3
Added Pin To Net: NetName=PE1 Pin=P2-4
Added Pin To Net: NetName=PB8 Pin=P2-5
Added Pin To Net: NetName=PB9 Pin=P2-6
Added Pin To Net: NetName=PB6 Pin=P2-7
Added Pin To Net: NetName=PB7 Pin=P2-8
Added Pin To Net: NetName=PB4 Pin=P2-9
Added Pin To Net: NetName=PB5 Pin=P2-10
Added Pin To Net: NetName=PD7 Pin=P2-11
Added Pin To Net: NetName=PB3 Pin=P2-12
Added Pin To Net: NetName=PD5 Pin=P2-13
Added Pin To Net: NetName=PD6 Pin=P2-14
Added Pin To Net: NetName=PD3 Pin=P2-15
Added Pin To Net: NetName=PD4 Pin=P2-16
Added Pin To Net: NetName=PD1 Pin=P2-17
Added Pin To Net: NetName=PD2 Pin=P2-18
Added Pin To Net: NetName=PC11 Pin=P2-19
Added Pin To Net: NetName=PD0 Pin=P2-20
Added Pin To Net: NetName=PA11 Pin=P2-21
Added Pin To Net: NetName=PA12 Pin=P2-22
Added Pin To Net: NetName=PA9/USART1_TX Pin=P2-23
Added Pin To Net: NetName=PA10/USART1_RX Pin=P2-24
Added Pin To Net: NetName=PC12 Pin=P2-25
Added Pin To Net: NetName=PA8 Pin=P2-26
Added Pin To Net: NetName=PC10 Pin=P2-27
Added Pin To Net: NetName=PA15 Pin=P2-28
Added Pin To Net: NetName=PC8 Pin=P2-29
Added Pin To Net: NetName=PC9 Pin=P2-30
Added Pin To Net: NetName=PC6 Pin=P2-31
Added Pin To Net: NetName=PC7 Pin=P2-32
Added Pin To Net: NetName=PD14/TFT_FS0 Pin=P2-33
Added Pin To Net: NetName=PD15/TFT_CS2 Pin=P2-34
Added Pin To Net: NetName=PD12/TFT_CS Pin=P2-35
Added Pin To Net: NetName=PD13/TFT_BL Pin=P2-36
Added Pin To Net: NetName=PD10/TFT_RES Pin=P2-37
Added Pin To Net: NetName=PD11/TFT_DC Pin=P2-38
Added Pin To Net: NetName=PD8/TFT_SCL Pin=P2-39
Added Pin To Net: NetName=PD9/TFT_SDA Pin=P2-40
Added Pin To Net: NetName=3V3 Pin=P3-1
Added Pin To Net: NetName=GND Pin=P3-2
Added Pin To Net: NetName=PE2 Pin=P3-3
Added Pin To Net: NetName=PE3 Pin=P3-4
Added Pin To Net: NetName=PE4 Pin=P3-5
Added Pin To Net: NetName=PE5 Pin=P3-6
Added Pin To Net: NetName=PE6 Pin=P3-7
Added Pin To Net: NetName=PC13 Pin=P3-8
Added Pin To Net: NetName=PC0 Pin=P3-9
Added Pin To Net: NetName=PC1 Pin=P3-10
Added Pin To Net: NetName=PC2 Pin=P3-11
Added Pin To Net: NetName=PC3 Pin=P3-12
Added Pin To Net: NetName=PA0 Pin=P3-13
Added Pin To Net: NetName=PA1 Pin=P3-14
Added Pin To Net: NetName=PA2/USART2_TX Pin=P3-15
Added Pin To Net: NetName=PA3/USART2_RX Pin=P3-16
Added Pin To Net: NetName=PA4 Pin=P3-17
Added Pin To Net: NetName=PA5 Pin=P3-18
Added Pin To Net: NetName=PA6 Pin=P3-19
Added Pin To Net: NetName=PA7 Pin=P3-20
Added Pin To Net: NetName=PC4 Pin=P3-21
Added Pin To Net: NetName=PC5 Pin=P3-22
Added Pin To Net: NetName=PB0 Pin=P3-23
Added Pin To Net: NetName=PB1 Pin=P3-24
Added Pin To Net: NetName=PB2 Pin=P3-25
Added Pin To Net: NetName=PE7 Pin=P3-26
Added Pin To Net: NetName=PE8 Pin=P3-27
Added Pin To Net: NetName=PE9 Pin=P3-28
Added Pin To Net: NetName=PE10 Pin=P3-29
Added Pin To Net: NetName=PE11 Pin=P3-30
Added Pin To Net: NetName=PE12 Pin=P3-31
Added Pin To Net: NetName=PE13 Pin=P3-32
Added Pin To Net: NetName=PE14 Pin=P3-33
Added Pin To Net: NetName=PE15 Pin=P3-34
Added Pin To Net: NetName=PB10 Pin=P3-35
Added Pin To Net: NetName=PB11 Pin=P3-36
Added Pin To Net: NetName=PB12 Pin=P3-37
Added Pin To Net: NetName=PB13 Pin=P3-38
Added Pin To Net: NetName=PB14 Pin=P3-39
Added Pin To Net: NetName=PB15 Pin=P3-40
Added Pin To Net: NetName=GND Pin=P4-1
Added Pin To Net: NetName=3V3 Pin=P4-2
Added Pin To Net: NetName=PD8/TFT_SCL Pin=P4-3
Added Pin To Net: NetName=PD9/TFT_SDA Pin=P4-4
Added Pin To Net: NetName=PD10/TFT_RES Pin=P4-5
Added Pin To Net: NetName=PD11/TFT_DC Pin=P4-6
Added Pin To Net: NetName=PD12/TFT_CS Pin=P4-7
Added Pin To Net: NetName=PD13/TFT_BL Pin=P4-8
Added Pin To Net: NetName=PD14/TFT_FS0 Pin=P4-9
Added Pin To Net: NetName=PD15/TFT_CS2 Pin=P4-10
Added Pin To Net: NetName=3V3 Pin=P5-1
Added Pin To Net: NetName=PA13/SWDIO Pin=P5-2
Added Pin To Net: NetName=PA14/SWCLK Pin=P5-3
Added Pin To Net: NetName=GND Pin=P5-4
Added Pin To Net: NetName=VCC Pin=P6-1
Added Pin To Net: NetName=PA2/USART2_TX Pin=P6-2
Added Pin To Net: NetName=PA3/USART2_RX Pin=P6-3
Added Pin To Net: NetName=GND Pin=P6-4
Added Pin To Net: NetName=3V3 Pin=P7-1
Added Pin To Net: NetName=PA9/USART1_TX Pin=P7-2
Added Pin To Net: NetName=PA10/USART1_RX Pin=P7-3
Added Pin To Net: NetName=GND Pin=P7-4
Added Pin To Net: NetName=NetC1_1 Pin=R1-1
Added Pin To Net: NetName=VDDA Pin=R1-2
Added Pin To Net: NetName=PB2 Pin=R2-1
Added Pin To Net: NetName=GND Pin=R2-2
Added Pin To Net: NetName=3V3 Pin=R3-1
Added Pin To Net: NetName=VDDA Pin=R3-2
Added Pin To Net: NetName=NetR4_1 Pin=R4-1
Added Pin To Net: NetName=GND Pin=R4-2
Added Pin To Net: NetName=NetLED1_1 Pin=R5-1
Added Pin To Net: NetName=3V3 Pin=R5-2
Added Pin To Net: NetName=NetLED2_1 Pin=R6-1
Added Pin To Net: NetName=3V3 Pin=R6-2
Added Pin To Net: NetName=3V3 Pin=R7-1
Added Pin To Net: NetName=NetC11_2 Pin=R7-2
Added Pin To Net: NetName=NetC14_2 Pin=R8-1
Added Pin To Net: NetName=NetC12_2 Pin=R8-2
Added Pin To Net: NetName=GND Pin=S1-1
Added Pin To Net: NetName=NetC11_2 Pin=S1-2
Added Member To Class: ClassName=Sheet1 Member=Component C1 Cap
Added Member To Class: ClassName=Sheet1 Member=Component C2 Cap
Added Member To Class: ClassName=Sheet1 Member=Component C3 Cap
Added Member To Class: ClassName=Sheet1 Member=Component C4 Cap
Added Member To Class: ClassName=Sheet1 Member=Component C5 Cap
Added Member To Class: ClassName=Sheet1 Member=Component C6 Cap
Added Member To Class: ClassName=Sheet1 Member=Component C7 Cap
Added Member To Class: ClassName=Sheet1 Member=Component C8 Cap
Added Member To Class: ClassName=Sheet1 Member=Component C9 Cap
Added Member To Class: ClassName=Sheet1 Member=Component C10 Cap
Added Member To Class: ClassName=Sheet1 Member=Component C11
Added Member To Class: ClassName=Sheet1 Member=Component C12 Cap
Added Member To Class: ClassName=Sheet1 Member=Component C13
Added Member To Class: ClassName=Sheet1 Member=Component C14 Cap
Added Member To Class: ClassName=Sheet1 Member=Component C15
Added Member To Class: ClassName=Sheet1 Member=Component C16
Added Member To Class: ClassName=Sheet1 Member=Component C17
Added Member To Class: ClassName=Sheet1 Member=Component C18
Added Member To Class: ClassName=Sheet1 Member=Component C19
Added Member To Class: ClassName=Sheet1 Member=Component C20
Added Member To Class: ClassName=Sheet1 Member=Component C21
Added Member To Class: ClassName=Sheet1 Member=Component C22
Added Member To Class: ClassName=Sheet1 Member=Component LED1 ºìÉ«
Added Member To Class: ClassName=Sheet1 Member=Component LED2 ºìÉ«
Added Member To Class: ClassName=Sheet1 Member=Component P1 JP7
Added Member To Class: ClassName=Sheet1 Member=Component P2 JP4
Added Member To Class: ClassName=Sheet1 Member=Component P3 JP5
Added Member To Class: ClassName=Sheet1 Member=Component P4 JP2
Added Member To Class: ClassName=Sheet1 Member=Component P5 JP1
Added Member To Class: ClassName=Sheet1 Member=Component P6 JP3
Added Member To Class: ClassName=Sheet1 Member=Component P7 JP6
Added Member To Class: ClassName=Sheet1 Member=Component R1 Res2
Added Member To Class: ClassName=Sheet1 Member=Component R2 Res2
Added Member To Class: ClassName=Sheet1 Member=Component R3 Res2
Added Member To Class: ClassName=Sheet1 Member=Component R4 Res2
Added Member To Class: ClassName=Sheet1 Member=Component R5 Res2
Added Member To Class: ClassName=Sheet1 Member=Component R6 Res2
Added Member To Class: ClassName=Sheet1 Member=Component R7 Res2
Added Member To Class: ClassName=Sheet1 Member=Component R8 Res2
Added Member To Class: ClassName=Sheet1 Member=Component S1 SW-PB
